<html xmlns:math="http://exslt.org/math" xmlns:testng="http://testng.org">
   <head>
      <title>TestNG XSLT Results</title>
      <meta http-equiv="content-type" content="text/html; charset=utf-8"></meta>
      <meta http-equiv="pragma" content="no-cache"></meta>
      <meta http-equiv="cache-control" content="max-age=0"></meta>
      <meta http-equiv="cache-control" content="no-cache"></meta>
      <meta http-equiv="cache-control" content="no-store"></meta>
      <LINK rel="stylesheet" href="style.css"></LINK>
      <script type="text/javascript" src="main.js"></script>
   </head>
   <body>
      <table width="100%" style="font-size: 16px; margin-bottom: 10px;" cellspacing="1">
         <tr>
            <td width="100%">
               Test case
               
               <b>Command line test</b>
            </td>
            <td style="background-color: #FFBBBB; padding: 3px 3px 3px 0;" align="center">
               <div style="width: 50px;">0</div>
            </td>
            <td style="background-color: lightgreen; padding: 3px 3px 3px 0;" align="center">
               <div style="width: 50px;">3</div>
            </td>
            <td style="background-color: #FFFFBB; padding: 3px 3px 3px 0;" align="center">
               <div style="width: 50px;">6</div>
            </td>
            <td align="center" style="background-color: #eaf0f7; padding: 3px 3px 3px 0;">
               <div style="width: 50px;">9</div>
            </td>
            <td align="center"
                style="font-weight: bold; background-color: #eaf0f7; padding: 3px 3px 3px 0;">
               <div style="width: 50px;">33%</div>
            </td>
         </tr>
      </table>
      <div style="width: 200px;">
         <label for="groupMethodsCheckBox" style="font-weight: bold; margin: 0;">
            <input id="groupMethodsCheckBox" type="checkbox" onclick="switchTestMethodsView(this)"></input>
            Group by class
            
         </label>
         <br></br>
         <label for="methodsFilter_ALL" style="font-weight: bold; margin: 0;">
            <input id="methodsFilter_ALL" type="checkbox"
                   onclick="testMethodsFilterChanged(this, 'ALL')"></input>
            All
            
         </label>
      </div>
      <label for="methodsFilter_FAIL" style="margin-left: 20px;">
         <input id="methodsFilter_FAIL" type="checkbox"
                onclick="testMethodsFilterChanged(this, 'FAIL')"
                checked=""></input>
         Failed
         
      </label>
      <label for="methodsFilter_PASS">
         <input id="methodsFilter_PASS" type="checkbox"
                onclick="testMethodsFilterChanged(this, 'PASS')"
                checked=""></input>
         Passed
         
      </label>
      <label for="methodsFilter_SKIP">
         <input id="methodsFilter_SKIP" type="checkbox"
                onclick="testMethodsFilterChanged(this, 'SKIP')"
                checked=""></input>
         Skipped
         
      </label>
      <label for="methodsFilter_CONF">
         <input id="methodsFilter_CONF" type="checkbox"
                onclick="testMethodsFilterChanged(this, 'CONF')"></input>
         Config
         
      </label>
      <br></br>
      <div id="testMethodsByStatus">
         <table class="testMethodsTable" cellpadding="0" cellspacing="0">
            <tr class="methodsTableHeader">
               <td width="100%">Name</td>
               <td nowrap="true">Started</td>
               <td nowrap="true">Duration</td>
               <td>Exception</td>
            </tr>
            <tr id="com.qtpselenium.framework.datadriven.portfolio.Test4_Test4_byStatus_passed_PASS1_row"
                class="testMethodStatusPASS">
               <td width="100%" class="firstMethodCell">
                  <a onclick="toggleDetailsVisibility('com.qtpselenium.framework.datadriven.portfolio.Test4_Test4_byStatus_passed_PASS1_details')">Test4()</a>
               </td>
               <td nowrap="true">01:26:03</td>
               <td nowrap="true" align="right">0 ms
                  
               </td>
               <td nowrap="true">
                   
                  
               </td>
            </tr>
            <tr>
               <td colspan="4" class="detailsBox">
                  <div id="com.qtpselenium.framework.datadriven.portfolio.Test4_Test4_byStatus_passed_PASS1_details"
                       class="testMethodDetails">
                     <div>
                        <b>Name: </b>Test4
                     </div>
                     <div>
                        <b>Signature: </b>Test4()[pri:0, instance:com.qtpselenium.framework.datadriven.portfolio.Test4@6e2eef]
                     </div>
                     <div>
                        <b>Start time: </b>01:26:03
                     </div>
                     <div>
                        <b>End time: </b>01:26:03
                     </div>
                     <div>
                        <b>Duration: </b>0 ms
                        
                     </div>
                  </div>
               </td>
            </tr>
            <tr></tr>
            <tr id="com.qtpselenium.framework.datadriven.portfolio.Test5_Test5_byStatus_passed_PASS2_row"
                class="testMethodStatusPASS">
               <td width="100%" class="firstMethodCell">
                  <a onclick="toggleDetailsVisibility('com.qtpselenium.framework.datadriven.portfolio.Test5_Test5_byStatus_passed_PASS2_details')">Test5()</a>
               </td>
               <td nowrap="true">01:26:03</td>
               <td nowrap="true" align="right">1 ms
                  
               </td>
               <td nowrap="true">
                   
                  
               </td>
            </tr>
            <tr>
               <td colspan="4" class="detailsBox">
                  <div id="com.qtpselenium.framework.datadriven.portfolio.Test5_Test5_byStatus_passed_PASS2_details"
                       class="testMethodDetails">
                     <div>
                        <b>Name: </b>Test5
                     </div>
                     <div>
                        <b>Signature: </b>Test5()[pri:0, instance:com.qtpselenium.framework.datadriven.portfolio.Test5@1560810]
                     </div>
                     <div>
                        <b>Start time: </b>01:26:03
                     </div>
                     <div>
                        <b>End time: </b>01:26:03
                     </div>
                     <div>
                        <b>Duration: </b>1 ms
                        
                     </div>
                  </div>
               </td>
            </tr>
            <tr></tr>
            <tr id="com.qtpselenium.framework.datadriven.portfolio.Test3_Test3_byStatus_passed_PASS3_row"
                class="testMethodStatusPASS">
               <td width="100%" class="firstMethodCell">
                  <a onclick="toggleDetailsVisibility('com.qtpselenium.framework.datadriven.portfolio.Test3_Test3_byStatus_passed_PASS3_details')">Test3()</a>
               </td>
               <td nowrap="true">01:26:03</td>
               <td nowrap="true" align="right">0 ms
                  
               </td>
               <td nowrap="true">
                   
                  
               </td>
            </tr>
            <tr>
               <td colspan="4" class="detailsBox">
                  <div id="com.qtpselenium.framework.datadriven.portfolio.Test3_Test3_byStatus_passed_PASS3_details"
                       class="testMethodDetails">
                     <div>
                        <b>Name: </b>Test3
                     </div>
                     <div>
                        <b>Signature: </b>Test3()[pri:0, instance:com.qtpselenium.framework.datadriven.portfolio.Test3@14bef66]
                     </div>
                     <div>
                        <b>Start time: </b>01:26:03
                     </div>
                     <div>
                        <b>End time: </b>01:26:03
                     </div>
                     <div>
                        <b>Duration: </b>0 ms
                        
                     </div>
                  </div>
               </td>
            </tr>
            <tr></tr>
            <tr id="com.qtpselenium.framework.datadriven.portfolio.LeastPerAssetTest_close_byStatus_passed_PASS4_row"
                class="testMethodStatusPASS testMethodStatusCONF">
               <td width="100%" class="firstMethodCell">
                  <a onclick="toggleDetailsVisibility('com.qtpselenium.framework.datadriven.portfolio.LeastPerAssetTest_close_byStatus_passed_PASS4_details')">close()</a>
               </td>
               <td nowrap="true">01:26:02</td>
               <td nowrap="true" align="right">0 ms
                  
               </td>
               <td nowrap="true">
                   
                  
               </td>
            </tr>
            <tr>
               <td colspan="4" class="detailsBox">
                  <div id="com.qtpselenium.framework.datadriven.portfolio.LeastPerAssetTest_close_byStatus_passed_PASS4_details"
                       class="testMethodDetails">
                     <div>
                        <b>Name: </b>close
                     </div>
                     <div>
                        <b>Signature: </b>close()[pri:0, instance:com.qtpselenium.framework.datadriven.portfolio.LeastPerAssetTest@b4c3ab]
                     </div>
                     <div>
                        <b>Start time: </b>01:26:02
                     </div>
                     <div>
                        <b>End time: </b>01:26:02
                     </div>
                     <div>
                        <b>Duration: </b>0 ms
                        
                     </div>
                  </div>
               </td>
            </tr>
            <tr></tr>
            <tr id="com.qtpselenium.framework.datadriven.portfolio.LeastPerAssetTest_close_byStatus_passed_PASS5_row"
                class="testMethodStatusPASS testMethodStatusCONF">
               <td width="100%" class="firstMethodCell">
                  <a onclick="toggleDetailsVisibility('com.qtpselenium.framework.datadriven.portfolio.LeastPerAssetTest_close_byStatus_passed_PASS5_details')">close()</a>
               </td>
               <td nowrap="true">01:26:02</td>
               <td nowrap="true" align="right">0 ms
                  
               </td>
               <td nowrap="true">
                   
                  
               </td>
            </tr>
            <tr>
               <td colspan="4" class="detailsBox">
                  <div id="com.qtpselenium.framework.datadriven.portfolio.LeastPerAssetTest_close_byStatus_passed_PASS5_details"
                       class="testMethodDetails">
                     <div>
                        <b>Name: </b>close
                     </div>
                     <div>
                        <b>Signature: </b>close()[pri:0, instance:com.qtpselenium.framework.datadriven.portfolio.LeastPerAssetTest@b4c3ab]
                     </div>
                     <div>
                        <b>Start time: </b>01:26:02
                     </div>
                     <div>
                        <b>End time: </b>01:26:02
                     </div>
                     <div>
                        <b>Duration: </b>0 ms
                        
                     </div>
                  </div>
               </td>
            </tr>
            <tr></tr>
            <tr id="com.qtpselenium.framework.datadriven.portfolio.LeastPerAssetTest_close_byStatus_passed_PASS6_row"
                class="testMethodStatusPASS testMethodStatusCONF">
               <td width="100%" class="firstMethodCell">
                  <a onclick="toggleDetailsVisibility('com.qtpselenium.framework.datadriven.portfolio.LeastPerAssetTest_close_byStatus_passed_PASS6_details')">close()</a>
               </td>
               <td nowrap="true">01:26:03</td>
               <td nowrap="true" align="right">0 ms
                  
               </td>
               <td nowrap="true">
                   
                  
               </td>
            </tr>
            <tr>
               <td colspan="4" class="detailsBox">
                  <div id="com.qtpselenium.framework.datadriven.portfolio.LeastPerAssetTest_close_byStatus_passed_PASS6_details"
                       class="testMethodDetails">
                     <div>
                        <b>Name: </b>close
                     </div>
                     <div>
                        <b>Signature: </b>close()[pri:0, instance:com.qtpselenium.framework.datadriven.portfolio.LeastPerAssetTest@b4c3ab]
                     </div>
                     <div>
                        <b>Start time: </b>01:26:03
                     </div>
                     <div>
                        <b>End time: </b>01:26:03
                     </div>
                     <div>
                        <b>Duration: </b>0 ms
                        
                     </div>
                  </div>
               </td>
            </tr>
            <tr></tr>
            <tr id="com.qtpselenium.framework.datadriven.portfolio.LoginTest_logintest_byStatus_skiped_SKIP1_row"
                class="testMethodStatusSKIP">
               <td width="100%" class="firstMethodCell">
                  <a onclick="toggleDetailsVisibility('com.qtpselenium.framework.datadriven.portfolio.LoginTest_logintest_byStatus_skiped_SKIP1_details')">logintest({Username=beast23@hotmail.com, Password=Test123, Runmode=Y, Expected_Result=, Browser=Mozilla, Result=})</a>
               </td>
               <td nowrap="true">01:26:03</td>
               <td nowrap="true" align="right">48 ms
                  
               </td>
               <td nowrap="true">
                  <a onclick="toggleDetailsVisibility('com.qtpselenium.framework.datadriven.portfolio.LoginTest_logintest_byStatus_skiped_SKIP1_exception')">org.testng.SkipException: 
                     Skipping the test LoginTest inside the suite PortfolioSuite
                     
                  </a>
                   
                  
               </td>
            </tr>
            <tr>
               <td colspan="4" class="detailsBox">
                  <div id="com.qtpselenium.framework.datadriven.portfolio.LoginTest_logintest_byStatus_skiped_SKIP1_details"
                       class="testMethodDetails">
                     <div>
                        <b>Name: </b>logintest
                     </div>
                     <div>
                        <b>Signature: </b>logintest(java.util.Hashtable)[pri:0, instance:com.qtpselenium.framework.datadriven.portfolio.LoginTest@17996a0]
                     </div>
                     <div>
                        <b>Parameters: </b>
                        
                        {Username=beast23@hotmail.com, Password=Test123, Runmode=Y, Expected_Result=, Browser=Mozilla, Result=}
                        
                        
                     </div>
                     <div>
                        <b>Start time: </b>01:26:03
                     </div>
                     <div>
                        <b>End time: </b>01:26:03
                     </div>
                     <div>
                        <b>Duration: </b>48 ms
                        
                     </div>
                  </div>
               </td>
            </tr>
            <tr>
               <td colspan="4" class="detailsBox">
                  <div id="com.qtpselenium.framework.datadriven.portfolio.LoginTest_logintest_byStatus_skiped_SKIP1_exception"
                       class="testMethodDetails">
                     <pre style="padding: 5px; margin: 0;">org.testng.SkipException: Skipping the test LoginTest inside the suite PortfolioSuite
                        	at com.qtpselenium.framework.datadriven.TestBase.validateRunmodes(TestBase.java:62)
                        	at com.qtpselenium.framework.datadriven.portfolio.LoginTest.logintest(LoginTest.java:22)
                        	at sun.reflect.NativeMethodAccessorImpl.invoke0(Native Method)
                        	at sun.reflect.NativeMethodAccessorImpl.invoke(NativeMethodAccessorImpl.java:62)
                        	at sun.reflect.DelegatingMethodAccessorImpl.invoke(DelegatingMethodAccessorImpl.java:43)
                        	at java.lang.reflect.Method.invoke(Method.java:483)
                        	at org.testng.internal.MethodInvocationHelper.invokeMethod(MethodInvocationHelper.java:85)
                        	at org.testng.internal.Invoker.invokeMethod(Invoker.java:659)
                        	at org.testng.internal.Invoker.invokeTestMethod(Invoker.java:845)
                        	at org.testng.internal.Invoker.invokeTestMethods(Invoker.java:1153)
                        	at org.testng.internal.TestMethodWorker.invokeTestMethods(TestMethodWorker.java:125)
                        	at org.testng.internal.TestMethodWorker.run(TestMethodWorker.java:108)
                        	at org.testng.TestRunner.privateRun(TestRunner.java:771)
                        	at org.testng.TestRunner.run(TestRunner.java:621)
                        	at org.testng.SuiteRunner.runTest(SuiteRunner.java:357)
                        	at org.testng.SuiteRunner.runSequentially(SuiteRunner.java:352)
                        	at org.testng.SuiteRunner.privateRun(SuiteRunner.java:310)
                        	at org.testng.SuiteRunner.run(SuiteRunner.java:259)
                        	at org.testng.SuiteRunnerWorker.runSuite(SuiteRunnerWorker.java:52)
                        	at org.testng.SuiteRunnerWorker.run(SuiteRunnerWorker.java:86)
                        	at org.testng.TestNG.runSuitesSequentially(TestNG.java:1199)
                        	at org.testng.TestNG.runSuitesLocally(TestNG.java:1124)
                        	at org.testng.TestNG.run(TestNG.java:1032)
                        	at org.apache.maven.surefire.testng.TestNGExecutor.run(TestNGExecutor.java:77)
                        	at org.apache.maven.surefire.testng.TestNGDirectoryTestSuite.executeMulti(TestNGDirectoryTestSuite.java:159)
                        	at org.apache.maven.surefire.testng.TestNGDirectoryTestSuite.execute(TestNGDirectoryTestSuite.java:99)
                        	at org.apache.maven.surefire.testng.TestNGProvider.invoke(TestNGProvider.java:106)
                        	at sun.reflect.NativeMethodAccessorImpl.invoke0(Native Method)
                        	at sun.reflect.NativeMethodAccessorImpl.invoke(NativeMethodAccessorImpl.java:62)
                        	at sun.reflect.DelegatingMethodAccessorImpl.invoke(DelegatingMethodAccessorImpl.java:43)
                        	at java.lang.reflect.Method.invoke(Method.java:483)
                        	at org.apache.maven.surefire.util.ReflectionUtils.invokeMethodWithArray(ReflectionUtils.java:189)
                        	at org.apache.maven.surefire.booter.ProviderFactory$ProviderProxy.invoke(ProviderFactory.java:165)
                        	at org.apache.maven.surefire.booter.ProviderFactory.invokeProvider(ProviderFactory.java:85)
                        	at org.apache.maven.surefire.booter.ForkedBooter.runSuitesInProcess(ForkedBooter.java:115)
                        	at org.apache.maven.surefire.booter.ForkedBooter.main(ForkedBooter.java:75)
                     </pre>
                  </div>
               </td>
            </tr>
            <tr id="com.qtpselenium.framework.datadriven.portfolio.LoginTest_logintest_byStatus_skiped_SKIP2_row"
                class="testMethodStatusSKIP">
               <td width="100%" class="firstMethodCell">
                  <a onclick="toggleDetailsVisibility('com.qtpselenium.framework.datadriven.portfolio.LoginTest_logintest_byStatus_skiped_SKIP2_details')">logintest({Username=C23, Password=C34, Runmode=N, Expected_Result=, Browser=Chrome, Result=})</a>
               </td>
               <td nowrap="true">01:26:03</td>
               <td nowrap="true" align="right">41 ms
                  
               </td>
               <td nowrap="true">
                  <a onclick="toggleDetailsVisibility('com.qtpselenium.framework.datadriven.portfolio.LoginTest_logintest_byStatus_skiped_SKIP2_exception')">org.testng.SkipException: 
                     Skipping the test LoginTest inside the suite PortfolioSuite
                     
                  </a>
                   
                  
               </td>
            </tr>
            <tr>
               <td colspan="4" class="detailsBox">
                  <div id="com.qtpselenium.framework.datadriven.portfolio.LoginTest_logintest_byStatus_skiped_SKIP2_details"
                       class="testMethodDetails">
                     <div>
                        <b>Name: </b>logintest
                     </div>
                     <div>
                        <b>Signature: </b>logintest(java.util.Hashtable)[pri:0, instance:com.qtpselenium.framework.datadriven.portfolio.LoginTest@17996a0]
                     </div>
                     <div>
                        <b>Parameters: </b>
                        
                        {Username=C23, Password=C34, Runmode=N, Expected_Result=, Browser=Chrome, Result=}
                        
                        
                     </div>
                     <div>
                        <b>Start time: </b>01:26:03
                     </div>
                     <div>
                        <b>End time: </b>01:26:03
                     </div>
                     <div>
                        <b>Duration: </b>41 ms
                        
                     </div>
                  </div>
               </td>
            </tr>
            <tr>
               <td colspan="4" class="detailsBox">
                  <div id="com.qtpselenium.framework.datadriven.portfolio.LoginTest_logintest_byStatus_skiped_SKIP2_exception"
                       class="testMethodDetails">
                     <pre style="padding: 5px; margin: 0;">org.testng.SkipException: Skipping the test LoginTest inside the suite PortfolioSuite
                        	at com.qtpselenium.framework.datadriven.TestBase.validateRunmodes(TestBase.java:62)
                        	at com.qtpselenium.framework.datadriven.portfolio.LoginTest.logintest(LoginTest.java:22)
                        	at sun.reflect.NativeMethodAccessorImpl.invoke0(Native Method)
                        	at sun.reflect.NativeMethodAccessorImpl.invoke(NativeMethodAccessorImpl.java:62)
                        	at sun.reflect.DelegatingMethodAccessorImpl.invoke(DelegatingMethodAccessorImpl.java:43)
                        	at java.lang.reflect.Method.invoke(Method.java:483)
                        	at org.testng.internal.MethodInvocationHelper.invokeMethod(MethodInvocationHelper.java:85)
                        	at org.testng.internal.Invoker.invokeMethod(Invoker.java:659)
                        	at org.testng.internal.Invoker.invokeTestMethod(Invoker.java:845)
                        	at org.testng.internal.Invoker.invokeTestMethods(Invoker.java:1153)
                        	at org.testng.internal.TestMethodWorker.invokeTestMethods(TestMethodWorker.java:125)
                        	at org.testng.internal.TestMethodWorker.run(TestMethodWorker.java:108)
                        	at org.testng.TestRunner.privateRun(TestRunner.java:771)
                        	at org.testng.TestRunner.run(TestRunner.java:621)
                        	at org.testng.SuiteRunner.runTest(SuiteRunner.java:357)
                        	at org.testng.SuiteRunner.runSequentially(SuiteRunner.java:352)
                        	at org.testng.SuiteRunner.privateRun(SuiteRunner.java:310)
                        	at org.testng.SuiteRunner.run(SuiteRunner.java:259)
                        	at org.testng.SuiteRunnerWorker.runSuite(SuiteRunnerWorker.java:52)
                        	at org.testng.SuiteRunnerWorker.run(SuiteRunnerWorker.java:86)
                        	at org.testng.TestNG.runSuitesSequentially(TestNG.java:1199)
                        	at org.testng.TestNG.runSuitesLocally(TestNG.java:1124)
                        	at org.testng.TestNG.run(TestNG.java:1032)
                        	at org.apache.maven.surefire.testng.TestNGExecutor.run(TestNGExecutor.java:77)
                        	at org.apache.maven.surefire.testng.TestNGDirectoryTestSuite.executeMulti(TestNGDirectoryTestSuite.java:159)
                        	at org.apache.maven.surefire.testng.TestNGDirectoryTestSuite.execute(TestNGDirectoryTestSuite.java:99)
                        	at org.apache.maven.surefire.testng.TestNGProvider.invoke(TestNGProvider.java:106)
                        	at sun.reflect.NativeMethodAccessorImpl.invoke0(Native Method)
                        	at sun.reflect.NativeMethodAccessorImpl.invoke(NativeMethodAccessorImpl.java:62)
                        	at sun.reflect.DelegatingMethodAccessorImpl.invoke(DelegatingMethodAccessorImpl.java:43)
                        	at java.lang.reflect.Method.invoke(Method.java:483)
                        	at org.apache.maven.surefire.util.ReflectionUtils.invokeMethodWithArray(ReflectionUtils.java:189)
                        	at org.apache.maven.surefire.booter.ProviderFactory$ProviderProxy.invoke(ProviderFactory.java:165)
                        	at org.apache.maven.surefire.booter.ProviderFactory.invokeProvider(ProviderFactory.java:85)
                        	at org.apache.maven.surefire.booter.ForkedBooter.runSuitesInProcess(ForkedBooter.java:115)
                        	at org.apache.maven.surefire.booter.ForkedBooter.main(ForkedBooter.java:75)
                     </pre>
                  </div>
               </td>
            </tr>
            <tr id="com.qtpselenium.framework.datadriven.portfolio.LoginTest_logintest_byStatus_skiped_SKIP3_row"
                class="testMethodStatusSKIP">
               <td width="100%" class="firstMethodCell">
                  <a onclick="toggleDetailsVisibility('com.qtpselenium.framework.datadriven.portfolio.LoginTest_logintest_byStatus_skiped_SKIP3_details')">logintest({Username=beast23@hotmail.com, Password=Test123, Runmode=N, Expected_Result=, Browser=Chrome, Result=})</a>
               </td>
               <td nowrap="true">01:26:03</td>
               <td nowrap="true" align="right">44 ms
                  
               </td>
               <td nowrap="true">
                  <a onclick="toggleDetailsVisibility('com.qtpselenium.framework.datadriven.portfolio.LoginTest_logintest_byStatus_skiped_SKIP3_exception')">org.testng.SkipException: 
                     Skipping the test LoginTest inside the suite PortfolioSuite
                     
                  </a>
                   
                  
               </td>
            </tr>
            <tr>
               <td colspan="4" class="detailsBox">
                  <div id="com.qtpselenium.framework.datadriven.portfolio.LoginTest_logintest_byStatus_skiped_SKIP3_details"
                       class="testMethodDetails">
                     <div>
                        <b>Name: </b>logintest
                     </div>
                     <div>
                        <b>Signature: </b>logintest(java.util.Hashtable)[pri:0, instance:com.qtpselenium.framework.datadriven.portfolio.LoginTest@17996a0]
                     </div>
                     <div>
                        <b>Parameters: </b>
                        
                        {Username=beast23@hotmail.com, Password=Test123, Runmode=N, Expected_Result=, Browser=Chrome, Result=}
                        
                        
                     </div>
                     <div>
                        <b>Start time: </b>01:26:03
                     </div>
                     <div>
                        <b>End time: </b>01:26:03
                     </div>
                     <div>
                        <b>Duration: </b>44 ms
                        
                     </div>
                  </div>
               </td>
            </tr>
            <tr>
               <td colspan="4" class="detailsBox">
                  <div id="com.qtpselenium.framework.datadriven.portfolio.LoginTest_logintest_byStatus_skiped_SKIP3_exception"
                       class="testMethodDetails">
                     <pre style="padding: 5px; margin: 0;">org.testng.SkipException: Skipping the test LoginTest inside the suite PortfolioSuite
                        	at com.qtpselenium.framework.datadriven.TestBase.validateRunmodes(TestBase.java:62)
                        	at com.qtpselenium.framework.datadriven.portfolio.LoginTest.logintest(LoginTest.java:22)
                        	at sun.reflect.NativeMethodAccessorImpl.invoke0(Native Method)
                        	at sun.reflect.NativeMethodAccessorImpl.invoke(NativeMethodAccessorImpl.java:62)
                        	at sun.reflect.DelegatingMethodAccessorImpl.invoke(DelegatingMethodAccessorImpl.java:43)
                        	at java.lang.reflect.Method.invoke(Method.java:483)
                        	at org.testng.internal.MethodInvocationHelper.invokeMethod(MethodInvocationHelper.java:85)
                        	at org.testng.internal.Invoker.invokeMethod(Invoker.java:659)
                        	at org.testng.internal.Invoker.invokeTestMethod(Invoker.java:845)
                        	at org.testng.internal.Invoker.invokeTestMethods(Invoker.java:1153)
                        	at org.testng.internal.TestMethodWorker.invokeTestMethods(TestMethodWorker.java:125)
                        	at org.testng.internal.TestMethodWorker.run(TestMethodWorker.java:108)
                        	at org.testng.TestRunner.privateRun(TestRunner.java:771)
                        	at org.testng.TestRunner.run(TestRunner.java:621)
                        	at org.testng.SuiteRunner.runTest(SuiteRunner.java:357)
                        	at org.testng.SuiteRunner.runSequentially(SuiteRunner.java:352)
                        	at org.testng.SuiteRunner.privateRun(SuiteRunner.java:310)
                        	at org.testng.SuiteRunner.run(SuiteRunner.java:259)
                        	at org.testng.SuiteRunnerWorker.runSuite(SuiteRunnerWorker.java:52)
                        	at org.testng.SuiteRunnerWorker.run(SuiteRunnerWorker.java:86)
                        	at org.testng.TestNG.runSuitesSequentially(TestNG.java:1199)
                        	at org.testng.TestNG.runSuitesLocally(TestNG.java:1124)
                        	at org.testng.TestNG.run(TestNG.java:1032)
                        	at org.apache.maven.surefire.testng.TestNGExecutor.run(TestNGExecutor.java:77)
                        	at org.apache.maven.surefire.testng.TestNGDirectoryTestSuite.executeMulti(TestNGDirectoryTestSuite.java:159)
                        	at org.apache.maven.surefire.testng.TestNGDirectoryTestSuite.execute(TestNGDirectoryTestSuite.java:99)
                        	at org.apache.maven.surefire.testng.TestNGProvider.invoke(TestNGProvider.java:106)
                        	at sun.reflect.NativeMethodAccessorImpl.invoke0(Native Method)
                        	at sun.reflect.NativeMethodAccessorImpl.invoke(NativeMethodAccessorImpl.java:62)
                        	at sun.reflect.DelegatingMethodAccessorImpl.invoke(DelegatingMethodAccessorImpl.java:43)
                        	at java.lang.reflect.Method.invoke(Method.java:483)
                        	at org.apache.maven.surefire.util.ReflectionUtils.invokeMethodWithArray(ReflectionUtils.java:189)
                        	at org.apache.maven.surefire.booter.ProviderFactory$ProviderProxy.invoke(ProviderFactory.java:165)
                        	at org.apache.maven.surefire.booter.ProviderFactory.invokeProvider(ProviderFactory.java:85)
                        	at org.apache.maven.surefire.booter.ForkedBooter.runSuitesInProcess(ForkedBooter.java:115)
                        	at org.apache.maven.surefire.booter.ForkedBooter.main(ForkedBooter.java:75)
                     </pre>
                  </div>
               </td>
            </tr>
            <tr id="com.qtpselenium.framework.datadriven.portfolio.LeastPerAssetTest_leastPerAssetTest_byStatus_skiped_SKIP4_row"
                class="testMethodStatusSKIP">
               <td width="100%" class="firstMethodCell">
                  <a onclick="toggleDetailsVisibility('com.qtpselenium.framework.datadriven.portfolio.LeastPerAssetTest_leastPerAssetTest_byStatus_skiped_SKIP4_details')">leastPerAssetTest({Runmode=Y, Browser=Mozilla, Result=})</a>
               </td>
               <td nowrap="true">01:26:02</td>
               <td nowrap="true" align="right">95 ms
                  
               </td>
               <td nowrap="true">
                  <a onclick="toggleDetailsVisibility('com.qtpselenium.framework.datadriven.portfolio.LeastPerAssetTest_leastPerAssetTest_byStatus_skiped_SKIP4_exception')">org.testng.SkipException: 
                     Skipping the test LeastPerAssetTest inside the suite PortfolioSuite
                     
                  </a>
                   
                  
               </td>
            </tr>
            <tr>
               <td colspan="4" class="detailsBox">
                  <div id="com.qtpselenium.framework.datadriven.portfolio.LeastPerAssetTest_leastPerAssetTest_byStatus_skiped_SKIP4_details"
                       class="testMethodDetails">
                     <div>
                        <b>Name: </b>leastPerAssetTest
                     </div>
                     <div>
                        <b>Signature: </b>leastPerAssetTest(java.util.Hashtable)[pri:0, instance:com.qtpselenium.framework.datadriven.portfolio.LeastPerAssetTest@b4c3ab]
                     </div>
                     <div>
                        <b>Parameters: </b>
                        
                        {Runmode=Y, Browser=Mozilla, Result=}
                        
                        
                     </div>
                     <div>
                        <b>Start time: </b>01:26:02
                     </div>
                     <div>
                        <b>End time: </b>01:26:02
                     </div>
                     <div>
                        <b>Duration: </b>95 ms
                        
                     </div>
                  </div>
               </td>
            </tr>
            <tr>
               <td colspan="4" class="detailsBox">
                  <div id="com.qtpselenium.framework.datadriven.portfolio.LeastPerAssetTest_leastPerAssetTest_byStatus_skiped_SKIP4_exception"
                       class="testMethodDetails">
                     <pre style="padding: 5px; margin: 0;">org.testng.SkipException: Skipping the test LeastPerAssetTest inside the suite PortfolioSuite
                        	at com.qtpselenium.framework.datadriven.TestBase.validateRunmodes(TestBase.java:62)
                        	at com.qtpselenium.framework.datadriven.portfolio.LeastPerAssetTest.leastPerAssetTest(LeastPerAssetTest.java:23)
                        	at sun.reflect.NativeMethodAccessorImpl.invoke0(Native Method)
                        	at sun.reflect.NativeMethodAccessorImpl.invoke(NativeMethodAccessorImpl.java:62)
                        	at sun.reflect.DelegatingMethodAccessorImpl.invoke(DelegatingMethodAccessorImpl.java:43)
                        	at java.lang.reflect.Method.invoke(Method.java:483)
                        	at org.testng.internal.MethodInvocationHelper.invokeMethod(MethodInvocationHelper.java:85)
                        	at org.testng.internal.Invoker.invokeMethod(Invoker.java:659)
                        	at org.testng.internal.Invoker.invokeTestMethod(Invoker.java:845)
                        	at org.testng.internal.Invoker.invokeTestMethods(Invoker.java:1153)
                        	at org.testng.internal.TestMethodWorker.invokeTestMethods(TestMethodWorker.java:125)
                        	at org.testng.internal.TestMethodWorker.run(TestMethodWorker.java:108)
                        	at org.testng.TestRunner.privateRun(TestRunner.java:771)
                        	at org.testng.TestRunner.run(TestRunner.java:621)
                        	at org.testng.SuiteRunner.runTest(SuiteRunner.java:357)
                        	at org.testng.SuiteRunner.runSequentially(SuiteRunner.java:352)
                        	at org.testng.SuiteRunner.privateRun(SuiteRunner.java:310)
                        	at org.testng.SuiteRunner.run(SuiteRunner.java:259)
                        	at org.testng.SuiteRunnerWorker.runSuite(SuiteRunnerWorker.java:52)
                        	at org.testng.SuiteRunnerWorker.run(SuiteRunnerWorker.java:86)
                        	at org.testng.TestNG.runSuitesSequentially(TestNG.java:1199)
                        	at org.testng.TestNG.runSuitesLocally(TestNG.java:1124)
                        	at org.testng.TestNG.run(TestNG.java:1032)
                        	at org.apache.maven.surefire.testng.TestNGExecutor.run(TestNGExecutor.java:77)
                        	at org.apache.maven.surefire.testng.TestNGDirectoryTestSuite.executeMulti(TestNGDirectoryTestSuite.java:159)
                        	at org.apache.maven.surefire.testng.TestNGDirectoryTestSuite.execute(TestNGDirectoryTestSuite.java:99)
                        	at org.apache.maven.surefire.testng.TestNGProvider.invoke(TestNGProvider.java:106)
                        	at sun.reflect.NativeMethodAccessorImpl.invoke0(Native Method)
                        	at sun.reflect.NativeMethodAccessorImpl.invoke(NativeMethodAccessorImpl.java:62)
                        	at sun.reflect.DelegatingMethodAccessorImpl.invoke(DelegatingMethodAccessorImpl.java:43)
                        	at java.lang.reflect.Method.invoke(Method.java:483)
                        	at org.apache.maven.surefire.util.ReflectionUtils.invokeMethodWithArray(ReflectionUtils.java:189)
                        	at org.apache.maven.surefire.booter.ProviderFactory$ProviderProxy.invoke(ProviderFactory.java:165)
                        	at org.apache.maven.surefire.booter.ProviderFactory.invokeProvider(ProviderFactory.java:85)
                        	at org.apache.maven.surefire.booter.ForkedBooter.runSuitesInProcess(ForkedBooter.java:115)
                        	at org.apache.maven.surefire.booter.ForkedBooter.main(ForkedBooter.java:75)
                     </pre>
                  </div>
               </td>
            </tr>
            <tr id="com.qtpselenium.framework.datadriven.portfolio.LeastPerAssetTest_leastPerAssetTest_byStatus_skiped_SKIP5_row"
                class="testMethodStatusSKIP">
               <td width="100%" class="firstMethodCell">
                  <a onclick="toggleDetailsVisibility('com.qtpselenium.framework.datadriven.portfolio.LeastPerAssetTest_leastPerAssetTest_byStatus_skiped_SKIP5_details')">leastPerAssetTest({Runmode=N, Browser=C21, Result=})</a>
               </td>
               <td nowrap="true">01:26:02</td>
               <td nowrap="true" align="right">65 ms
                  
               </td>
               <td nowrap="true">
                  <a onclick="toggleDetailsVisibility('com.qtpselenium.framework.datadriven.portfolio.LeastPerAssetTest_leastPerAssetTest_byStatus_skiped_SKIP5_exception')">org.testng.SkipException: 
                     Skipping the test LeastPerAssetTest inside the suite PortfolioSuite
                     
                  </a>
                   
                  
               </td>
            </tr>
            <tr>
               <td colspan="4" class="detailsBox">
                  <div id="com.qtpselenium.framework.datadriven.portfolio.LeastPerAssetTest_leastPerAssetTest_byStatus_skiped_SKIP5_details"
                       class="testMethodDetails">
                     <div>
                        <b>Name: </b>leastPerAssetTest
                     </div>
                     <div>
                        <b>Signature: </b>leastPerAssetTest(java.util.Hashtable)[pri:0, instance:com.qtpselenium.framework.datadriven.portfolio.LeastPerAssetTest@b4c3ab]
                     </div>
                     <div>
                        <b>Parameters: </b>
                        
                        {Runmode=N, Browser=C21, Result=}
                        
                        
                     </div>
                     <div>
                        <b>Start time: </b>01:26:02
                     </div>
                     <div>
                        <b>End time: </b>01:26:02
                     </div>
                     <div>
                        <b>Duration: </b>65 ms
                        
                     </div>
                  </div>
               </td>
            </tr>
            <tr>
               <td colspan="4" class="detailsBox">
                  <div id="com.qtpselenium.framework.datadriven.portfolio.LeastPerAssetTest_leastPerAssetTest_byStatus_skiped_SKIP5_exception"
                       class="testMethodDetails">
                     <pre style="padding: 5px; margin: 0;">org.testng.SkipException: Skipping the test LeastPerAssetTest inside the suite PortfolioSuite
                        	at com.qtpselenium.framework.datadriven.TestBase.validateRunmodes(TestBase.java:62)
                        	at com.qtpselenium.framework.datadriven.portfolio.LeastPerAssetTest.leastPerAssetTest(LeastPerAssetTest.java:23)
                        	at sun.reflect.NativeMethodAccessorImpl.invoke0(Native Method)
                        	at sun.reflect.NativeMethodAccessorImpl.invoke(NativeMethodAccessorImpl.java:62)
                        	at sun.reflect.DelegatingMethodAccessorImpl.invoke(DelegatingMethodAccessorImpl.java:43)
                        	at java.lang.reflect.Method.invoke(Method.java:483)
                        	at org.testng.internal.MethodInvocationHelper.invokeMethod(MethodInvocationHelper.java:85)
                        	at org.testng.internal.Invoker.invokeMethod(Invoker.java:659)
                        	at org.testng.internal.Invoker.invokeTestMethod(Invoker.java:845)
                        	at org.testng.internal.Invoker.invokeTestMethods(Invoker.java:1153)
                        	at org.testng.internal.TestMethodWorker.invokeTestMethods(TestMethodWorker.java:125)
                        	at org.testng.internal.TestMethodWorker.run(TestMethodWorker.java:108)
                        	at org.testng.TestRunner.privateRun(TestRunner.java:771)
                        	at org.testng.TestRunner.run(TestRunner.java:621)
                        	at org.testng.SuiteRunner.runTest(SuiteRunner.java:357)
                        	at org.testng.SuiteRunner.runSequentially(SuiteRunner.java:352)
                        	at org.testng.SuiteRunner.privateRun(SuiteRunner.java:310)
                        	at org.testng.SuiteRunner.run(SuiteRunner.java:259)
                        	at org.testng.SuiteRunnerWorker.runSuite(SuiteRunnerWorker.java:52)
                        	at org.testng.SuiteRunnerWorker.run(SuiteRunnerWorker.java:86)
                        	at org.testng.TestNG.runSuitesSequentially(TestNG.java:1199)
                        	at org.testng.TestNG.runSuitesLocally(TestNG.java:1124)
                        	at org.testng.TestNG.run(TestNG.java:1032)
                        	at org.apache.maven.surefire.testng.TestNGExecutor.run(TestNGExecutor.java:77)
                        	at org.apache.maven.surefire.testng.TestNGDirectoryTestSuite.executeMulti(TestNGDirectoryTestSuite.java:159)
                        	at org.apache.maven.surefire.testng.TestNGDirectoryTestSuite.execute(TestNGDirectoryTestSuite.java:99)
                        	at org.apache.maven.surefire.testng.TestNGProvider.invoke(TestNGProvider.java:106)
                        	at sun.reflect.NativeMethodAccessorImpl.invoke0(Native Method)
                        	at sun.reflect.NativeMethodAccessorImpl.invoke(NativeMethodAccessorImpl.java:62)
                        	at sun.reflect.DelegatingMethodAccessorImpl.invoke(DelegatingMethodAccessorImpl.java:43)
                        	at java.lang.reflect.Method.invoke(Method.java:483)
                        	at org.apache.maven.surefire.util.ReflectionUtils.invokeMethodWithArray(ReflectionUtils.java:189)
                        	at org.apache.maven.surefire.booter.ProviderFactory$ProviderProxy.invoke(ProviderFactory.java:165)
                        	at org.apache.maven.surefire.booter.ProviderFactory.invokeProvider(ProviderFactory.java:85)
                        	at org.apache.maven.surefire.booter.ForkedBooter.runSuitesInProcess(ForkedBooter.java:115)
                        	at org.apache.maven.surefire.booter.ForkedBooter.main(ForkedBooter.java:75)
                     </pre>
                  </div>
               </td>
            </tr>
            <tr id="com.qtpselenium.framework.datadriven.portfolio.LeastPerAssetTest_leastPerAssetTest_byStatus_skiped_SKIP6_row"
                class="testMethodStatusSKIP">
               <td width="100%" class="firstMethodCell">
                  <a onclick="toggleDetailsVisibility('com.qtpselenium.framework.datadriven.portfolio.LeastPerAssetTest_leastPerAssetTest_byStatus_skiped_SKIP6_details')">leastPerAssetTest({Runmode=N, Browser=C31, Result=})</a>
               </td>
               <td nowrap="true">01:26:02</td>
               <td nowrap="true" align="right">88 ms
                  
               </td>
               <td nowrap="true">
                  <a onclick="toggleDetailsVisibility('com.qtpselenium.framework.datadriven.portfolio.LeastPerAssetTest_leastPerAssetTest_byStatus_skiped_SKIP6_exception')">org.testng.SkipException: 
                     Skipping the test LeastPerAssetTest inside the suite PortfolioSuite
                     
                  </a>
                   
                  
               </td>
            </tr>
            <tr>
               <td colspan="4" class="detailsBox">
                  <div id="com.qtpselenium.framework.datadriven.portfolio.LeastPerAssetTest_leastPerAssetTest_byStatus_skiped_SKIP6_details"
                       class="testMethodDetails">
                     <div>
                        <b>Name: </b>leastPerAssetTest
                     </div>
                     <div>
                        <b>Signature: </b>leastPerAssetTest(java.util.Hashtable)[pri:0, instance:com.qtpselenium.framework.datadriven.portfolio.LeastPerAssetTest@b4c3ab]
                     </div>
                     <div>
                        <b>Parameters: </b>
                        
                        {Runmode=N, Browser=C31, Result=}
                        
                        
                     </div>
                     <div>
                        <b>Start time: </b>01:26:02
                     </div>
                     <div>
                        <b>End time: </b>01:26:03
                     </div>
                     <div>
                        <b>Duration: </b>88 ms
                        
                     </div>
                  </div>
               </td>
            </tr>
            <tr>
               <td colspan="4" class="detailsBox">
                  <div id="com.qtpselenium.framework.datadriven.portfolio.LeastPerAssetTest_leastPerAssetTest_byStatus_skiped_SKIP6_exception"
                       class="testMethodDetails">
                     <pre style="padding: 5px; margin: 0;">org.testng.SkipException: Skipping the test LeastPerAssetTest inside the suite PortfolioSuite
                        	at com.qtpselenium.framework.datadriven.TestBase.validateRunmodes(TestBase.java:62)
                        	at com.qtpselenium.framework.datadriven.portfolio.LeastPerAssetTest.leastPerAssetTest(LeastPerAssetTest.java:23)
                        	at sun.reflect.NativeMethodAccessorImpl.invoke0(Native Method)
                        	at sun.reflect.NativeMethodAccessorImpl.invoke(NativeMethodAccessorImpl.java:62)
                        	at sun.reflect.DelegatingMethodAccessorImpl.invoke(DelegatingMethodAccessorImpl.java:43)
                        	at java.lang.reflect.Method.invoke(Method.java:483)
                        	at org.testng.internal.MethodInvocationHelper.invokeMethod(MethodInvocationHelper.java:85)
                        	at org.testng.internal.Invoker.invokeMethod(Invoker.java:659)
                        	at org.testng.internal.Invoker.invokeTestMethod(Invoker.java:845)
                        	at org.testng.internal.Invoker.invokeTestMethods(Invoker.java:1153)
                        	at org.testng.internal.TestMethodWorker.invokeTestMethods(TestMethodWorker.java:125)
                        	at org.testng.internal.TestMethodWorker.run(TestMethodWorker.java:108)
                        	at org.testng.TestRunner.privateRun(TestRunner.java:771)
                        	at org.testng.TestRunner.run(TestRunner.java:621)
                        	at org.testng.SuiteRunner.runTest(SuiteRunner.java:357)
                        	at org.testng.SuiteRunner.runSequentially(SuiteRunner.java:352)
                        	at org.testng.SuiteRunner.privateRun(SuiteRunner.java:310)
                        	at org.testng.SuiteRunner.run(SuiteRunner.java:259)
                        	at org.testng.SuiteRunnerWorker.runSuite(SuiteRunnerWorker.java:52)
                        	at org.testng.SuiteRunnerWorker.run(SuiteRunnerWorker.java:86)
                        	at org.testng.TestNG.runSuitesSequentially(TestNG.java:1199)
                        	at org.testng.TestNG.runSuitesLocally(TestNG.java:1124)
                        	at org.testng.TestNG.run(TestNG.java:1032)
                        	at org.apache.maven.surefire.testng.TestNGExecutor.run(TestNGExecutor.java:77)
                        	at org.apache.maven.surefire.testng.TestNGDirectoryTestSuite.executeMulti(TestNGDirectoryTestSuite.java:159)
                        	at org.apache.maven.surefire.testng.TestNGDirectoryTestSuite.execute(TestNGDirectoryTestSuite.java:99)
                        	at org.apache.maven.surefire.testng.TestNGProvider.invoke(TestNGProvider.java:106)
                        	at sun.reflect.NativeMethodAccessorImpl.invoke0(Native Method)
                        	at sun.reflect.NativeMethodAccessorImpl.invoke(NativeMethodAccessorImpl.java:62)
                        	at sun.reflect.DelegatingMethodAccessorImpl.invoke(DelegatingMethodAccessorImpl.java:43)
                        	at java.lang.reflect.Method.invoke(Method.java:483)
                        	at org.apache.maven.surefire.util.ReflectionUtils.invokeMethodWithArray(ReflectionUtils.java:189)
                        	at org.apache.maven.surefire.booter.ProviderFactory$ProviderProxy.invoke(ProviderFactory.java:165)
                        	at org.apache.maven.surefire.booter.ProviderFactory.invokeProvider(ProviderFactory.java:85)
                        	at org.apache.maven.surefire.booter.ForkedBooter.runSuitesInProcess(ForkedBooter.java:115)
                        	at org.apache.maven.surefire.booter.ForkedBooter.main(ForkedBooter.java:75)
                     </pre>
                  </div>
               </td>
            </tr>
         </table>
      </div>
      <div id="testMethodsByClass" style="display: none;">
         <table class="testMethodsTable" cellpadding="0" cellspacing="0">
            <tr>
               <td colspan="4">
                  <h3 style="display: inline;">com.qtpselenium.framework.datadriven.portfolio.LeastPerAssetTest</h3>
               </td>
            </tr>
            <tr class="methodsTableHeader">
               <td width="100%">Name</td>
               <td nowrap="true">Started</td>
               <td nowrap="true">Duration</td>
               <td>Exception</td>
            </tr>
            <tr id="com.qtpselenium.framework.datadriven.portfolio.LeastPerAssetTest_leastPerAssetTest_byClass_SKIP1_row"
                class="testMethodStatusSKIP">
               <td width="100%" class="firstMethodCell">
                  <a onclick="toggleDetailsVisibility('com.qtpselenium.framework.datadriven.portfolio.LeastPerAssetTest_leastPerAssetTest_byClass_SKIP1_details')">leastPerAssetTest({Runmode=Y, Browser=Mozilla, Result=})</a>
               </td>
               <td nowrap="true">01:26:02</td>
               <td nowrap="true" align="right">95 ms
                  
               </td>
               <td nowrap="true">
                  <a onclick="toggleDetailsVisibility('com.qtpselenium.framework.datadriven.portfolio.LeastPerAssetTest_leastPerAssetTest_byClass_SKIP1_exception')">org.testng.SkipException: 
                     Skipping the test LeastPerAssetTest inside the suite PortfolioSuite
                     
                  </a>
                   
                  
               </td>
            </tr>
            <tr>
               <td colspan="4" class="detailsBox">
                  <div id="com.qtpselenium.framework.datadriven.portfolio.LeastPerAssetTest_leastPerAssetTest_byClass_SKIP1_details"
                       class="testMethodDetails">
                     <div>
                        <b>Name: </b>leastPerAssetTest
                     </div>
                     <div>
                        <b>Signature: </b>leastPerAssetTest(java.util.Hashtable)[pri:0, instance:com.qtpselenium.framework.datadriven.portfolio.LeastPerAssetTest@b4c3ab]
                     </div>
                     <div>
                        <b>Parameters: </b>
                        
                        {Runmode=Y, Browser=Mozilla, Result=}
                        
                        
                     </div>
                     <div>
                        <b>Start time: </b>01:26:02
                     </div>
                     <div>
                        <b>End time: </b>01:26:02
                     </div>
                     <div>
                        <b>Duration: </b>95 ms
                        
                     </div>
                  </div>
               </td>
            </tr>
            <tr>
               <td colspan="4" class="detailsBox">
                  <div id="com.qtpselenium.framework.datadriven.portfolio.LeastPerAssetTest_leastPerAssetTest_byClass_SKIP1_exception"
                       class="testMethodDetails">
                     <pre style="padding: 5px; margin: 0;">org.testng.SkipException: Skipping the test LeastPerAssetTest inside the suite PortfolioSuite
                        	at com.qtpselenium.framework.datadriven.TestBase.validateRunmodes(TestBase.java:62)
                        	at com.qtpselenium.framework.datadriven.portfolio.LeastPerAssetTest.leastPerAssetTest(LeastPerAssetTest.java:23)
                        	at sun.reflect.NativeMethodAccessorImpl.invoke0(Native Method)
                        	at sun.reflect.NativeMethodAccessorImpl.invoke(NativeMethodAccessorImpl.java:62)
                        	at sun.reflect.DelegatingMethodAccessorImpl.invoke(DelegatingMethodAccessorImpl.java:43)
                        	at java.lang.reflect.Method.invoke(Method.java:483)
                        	at org.testng.internal.MethodInvocationHelper.invokeMethod(MethodInvocationHelper.java:85)
                        	at org.testng.internal.Invoker.invokeMethod(Invoker.java:659)
                        	at org.testng.internal.Invoker.invokeTestMethod(Invoker.java:845)
                        	at org.testng.internal.Invoker.invokeTestMethods(Invoker.java:1153)
                        	at org.testng.internal.TestMethodWorker.invokeTestMethods(TestMethodWorker.java:125)
                        	at org.testng.internal.TestMethodWorker.run(TestMethodWorker.java:108)
                        	at org.testng.TestRunner.privateRun(TestRunner.java:771)
                        	at org.testng.TestRunner.run(TestRunner.java:621)
                        	at org.testng.SuiteRunner.runTest(SuiteRunner.java:357)
                        	at org.testng.SuiteRunner.runSequentially(SuiteRunner.java:352)
                        	at org.testng.SuiteRunner.privateRun(SuiteRunner.java:310)
                        	at org.testng.SuiteRunner.run(SuiteRunner.java:259)
                        	at org.testng.SuiteRunnerWorker.runSuite(SuiteRunnerWorker.java:52)
                        	at org.testng.SuiteRunnerWorker.run(SuiteRunnerWorker.java:86)
                        	at org.testng.TestNG.runSuitesSequentially(TestNG.java:1199)
                        	at org.testng.TestNG.runSuitesLocally(TestNG.java:1124)
                        	at org.testng.TestNG.run(TestNG.java:1032)
                        	at org.apache.maven.surefire.testng.TestNGExecutor.run(TestNGExecutor.java:77)
                        	at org.apache.maven.surefire.testng.TestNGDirectoryTestSuite.executeMulti(TestNGDirectoryTestSuite.java:159)
                        	at org.apache.maven.surefire.testng.TestNGDirectoryTestSuite.execute(TestNGDirectoryTestSuite.java:99)
                        	at org.apache.maven.surefire.testng.TestNGProvider.invoke(TestNGProvider.java:106)
                        	at sun.reflect.NativeMethodAccessorImpl.invoke0(Native Method)
                        	at sun.reflect.NativeMethodAccessorImpl.invoke(NativeMethodAccessorImpl.java:62)
                        	at sun.reflect.DelegatingMethodAccessorImpl.invoke(DelegatingMethodAccessorImpl.java:43)
                        	at java.lang.reflect.Method.invoke(Method.java:483)
                        	at org.apache.maven.surefire.util.ReflectionUtils.invokeMethodWithArray(ReflectionUtils.java:189)
                        	at org.apache.maven.surefire.booter.ProviderFactory$ProviderProxy.invoke(ProviderFactory.java:165)
                        	at org.apache.maven.surefire.booter.ProviderFactory.invokeProvider(ProviderFactory.java:85)
                        	at org.apache.maven.surefire.booter.ForkedBooter.runSuitesInProcess(ForkedBooter.java:115)
                        	at org.apache.maven.surefire.booter.ForkedBooter.main(ForkedBooter.java:75)
                     </pre>
                  </div>
               </td>
            </tr>
            <tr id="com.qtpselenium.framework.datadriven.portfolio.LeastPerAssetTest_close_byClass_PASS2_row"
                class="testMethodStatusPASS testMethodStatusCONF">
               <td width="100%" class="firstMethodCell">
                  <a onclick="toggleDetailsVisibility('com.qtpselenium.framework.datadriven.portfolio.LeastPerAssetTest_close_byClass_PASS2_details')">close()</a>
               </td>
               <td nowrap="true">01:26:02</td>
               <td nowrap="true" align="right">0 ms
                  
               </td>
               <td nowrap="true">
                   
                  
               </td>
            </tr>
            <tr>
               <td colspan="4" class="detailsBox">
                  <div id="com.qtpselenium.framework.datadriven.portfolio.LeastPerAssetTest_close_byClass_PASS2_details"
                       class="testMethodDetails">
                     <div>
                        <b>Name: </b>close
                     </div>
                     <div>
                        <b>Signature: </b>close()[pri:0, instance:com.qtpselenium.framework.datadriven.portfolio.LeastPerAssetTest@b4c3ab]
                     </div>
                     <div>
                        <b>Start time: </b>01:26:02
                     </div>
                     <div>
                        <b>End time: </b>01:26:02
                     </div>
                     <div>
                        <b>Duration: </b>0 ms
                        
                     </div>
                  </div>
               </td>
            </tr>
            <tr></tr>
            <tr id="com.qtpselenium.framework.datadriven.portfolio.LeastPerAssetTest_leastPerAssetTest_byClass_SKIP3_row"
                class="testMethodStatusSKIP">
               <td width="100%" class="firstMethodCell">
                  <a onclick="toggleDetailsVisibility('com.qtpselenium.framework.datadriven.portfolio.LeastPerAssetTest_leastPerAssetTest_byClass_SKIP3_details')">leastPerAssetTest({Runmode=N, Browser=C21, Result=})</a>
               </td>
               <td nowrap="true">01:26:02</td>
               <td nowrap="true" align="right">65 ms
                  
               </td>
               <td nowrap="true">
                  <a onclick="toggleDetailsVisibility('com.qtpselenium.framework.datadriven.portfolio.LeastPerAssetTest_leastPerAssetTest_byClass_SKIP3_exception')">org.testng.SkipException: 
                     Skipping the test LeastPerAssetTest inside the suite PortfolioSuite
                     
                  </a>
                   
                  
               </td>
            </tr>
            <tr>
               <td colspan="4" class="detailsBox">
                  <div id="com.qtpselenium.framework.datadriven.portfolio.LeastPerAssetTest_leastPerAssetTest_byClass_SKIP3_details"
                       class="testMethodDetails">
                     <div>
                        <b>Name: </b>leastPerAssetTest
                     </div>
                     <div>
                        <b>Signature: </b>leastPerAssetTest(java.util.Hashtable)[pri:0, instance:com.qtpselenium.framework.datadriven.portfolio.LeastPerAssetTest@b4c3ab]
                     </div>
                     <div>
                        <b>Parameters: </b>
                        
                        {Runmode=N, Browser=C21, Result=}
                        
                        
                     </div>
                     <div>
                        <b>Start time: </b>01:26:02
                     </div>
                     <div>
                        <b>End time: </b>01:26:02
                     </div>
                     <div>
                        <b>Duration: </b>65 ms
                        
                     </div>
                  </div>
               </td>
            </tr>
            <tr>
               <td colspan="4" class="detailsBox">
                  <div id="com.qtpselenium.framework.datadriven.portfolio.LeastPerAssetTest_leastPerAssetTest_byClass_SKIP3_exception"
                       class="testMethodDetails">
                     <pre style="padding: 5px; margin: 0;">org.testng.SkipException: Skipping the test LeastPerAssetTest inside the suite PortfolioSuite
                        	at com.qtpselenium.framework.datadriven.TestBase.validateRunmodes(TestBase.java:62)
                        	at com.qtpselenium.framework.datadriven.portfolio.LeastPerAssetTest.leastPerAssetTest(LeastPerAssetTest.java:23)
                        	at sun.reflect.NativeMethodAccessorImpl.invoke0(Native Method)
                        	at sun.reflect.NativeMethodAccessorImpl.invoke(NativeMethodAccessorImpl.java:62)
                        	at sun.reflect.DelegatingMethodAccessorImpl.invoke(DelegatingMethodAccessorImpl.java:43)
                        	at java.lang.reflect.Method.invoke(Method.java:483)
                        	at org.testng.internal.MethodInvocationHelper.invokeMethod(MethodInvocationHelper.java:85)
                        	at org.testng.internal.Invoker.invokeMethod(Invoker.java:659)
                        	at org.testng.internal.Invoker.invokeTestMethod(Invoker.java:845)
                        	at org.testng.internal.Invoker.invokeTestMethods(Invoker.java:1153)
                        	at org.testng.internal.TestMethodWorker.invokeTestMethods(TestMethodWorker.java:125)
                        	at org.testng.internal.TestMethodWorker.run(TestMethodWorker.java:108)
                        	at org.testng.TestRunner.privateRun(TestRunner.java:771)
                        	at org.testng.TestRunner.run(TestRunner.java:621)
                        	at org.testng.SuiteRunner.runTest(SuiteRunner.java:357)
                        	at org.testng.SuiteRunner.runSequentially(SuiteRunner.java:352)
                        	at org.testng.SuiteRunner.privateRun(SuiteRunner.java:310)
                        	at org.testng.SuiteRunner.run(SuiteRunner.java:259)
                        	at org.testng.SuiteRunnerWorker.runSuite(SuiteRunnerWorker.java:52)
                        	at org.testng.SuiteRunnerWorker.run(SuiteRunnerWorker.java:86)
                        	at org.testng.TestNG.runSuitesSequentially(TestNG.java:1199)
                        	at org.testng.TestNG.runSuitesLocally(TestNG.java:1124)
                        	at org.testng.TestNG.run(TestNG.java:1032)
                        	at org.apache.maven.surefire.testng.TestNGExecutor.run(TestNGExecutor.java:77)
                        	at org.apache.maven.surefire.testng.TestNGDirectoryTestSuite.executeMulti(TestNGDirectoryTestSuite.java:159)
                        	at org.apache.maven.surefire.testng.TestNGDirectoryTestSuite.execute(TestNGDirectoryTestSuite.java:99)
                        	at org.apache.maven.surefire.testng.TestNGProvider.invoke(TestNGProvider.java:106)
                        	at sun.reflect.NativeMethodAccessorImpl.invoke0(Native Method)
                        	at sun.reflect.NativeMethodAccessorImpl.invoke(NativeMethodAccessorImpl.java:62)
                        	at sun.reflect.DelegatingMethodAccessorImpl.invoke(DelegatingMethodAccessorImpl.java:43)
                        	at java.lang.reflect.Method.invoke(Method.java:483)
                        	at org.apache.maven.surefire.util.ReflectionUtils.invokeMethodWithArray(ReflectionUtils.java:189)
                        	at org.apache.maven.surefire.booter.ProviderFactory$ProviderProxy.invoke(ProviderFactory.java:165)
                        	at org.apache.maven.surefire.booter.ProviderFactory.invokeProvider(ProviderFactory.java:85)
                        	at org.apache.maven.surefire.booter.ForkedBooter.runSuitesInProcess(ForkedBooter.java:115)
                        	at org.apache.maven.surefire.booter.ForkedBooter.main(ForkedBooter.java:75)
                     </pre>
                  </div>
               </td>
            </tr>
            <tr id="com.qtpselenium.framework.datadriven.portfolio.LeastPerAssetTest_close_byClass_PASS4_row"
                class="testMethodStatusPASS testMethodStatusCONF">
               <td width="100%" class="firstMethodCell">
                  <a onclick="toggleDetailsVisibility('com.qtpselenium.framework.datadriven.portfolio.LeastPerAssetTest_close_byClass_PASS4_details')">close()</a>
               </td>
               <td nowrap="true">01:26:02</td>
               <td nowrap="true" align="right">0 ms
                  
               </td>
               <td nowrap="true">
                   
                  
               </td>
            </tr>
            <tr>
               <td colspan="4" class="detailsBox">
                  <div id="com.qtpselenium.framework.datadriven.portfolio.LeastPerAssetTest_close_byClass_PASS4_details"
                       class="testMethodDetails">
                     <div>
                        <b>Name: </b>close
                     </div>
                     <div>
                        <b>Signature: </b>close()[pri:0, instance:com.qtpselenium.framework.datadriven.portfolio.LeastPerAssetTest@b4c3ab]
                     </div>
                     <div>
                        <b>Start time: </b>01:26:02
                     </div>
                     <div>
                        <b>End time: </b>01:26:02
                     </div>
                     <div>
                        <b>Duration: </b>0 ms
                        
                     </div>
                  </div>
               </td>
            </tr>
            <tr></tr>
            <tr id="com.qtpselenium.framework.datadriven.portfolio.LeastPerAssetTest_leastPerAssetTest_byClass_SKIP5_row"
                class="testMethodStatusSKIP">
               <td width="100%" class="firstMethodCell">
                  <a onclick="toggleDetailsVisibility('com.qtpselenium.framework.datadriven.portfolio.LeastPerAssetTest_leastPerAssetTest_byClass_SKIP5_details')">leastPerAssetTest({Runmode=N, Browser=C31, Result=})</a>
               </td>
               <td nowrap="true">01:26:02</td>
               <td nowrap="true" align="right">88 ms
                  
               </td>
               <td nowrap="true">
                  <a onclick="toggleDetailsVisibility('com.qtpselenium.framework.datadriven.portfolio.LeastPerAssetTest_leastPerAssetTest_byClass_SKIP5_exception')">org.testng.SkipException: 
                     Skipping the test LeastPerAssetTest inside the suite PortfolioSuite
                     
                  </a>
                   
                  
               </td>
            </tr>
            <tr>
               <td colspan="4" class="detailsBox">
                  <div id="com.qtpselenium.framework.datadriven.portfolio.LeastPerAssetTest_leastPerAssetTest_byClass_SKIP5_details"
                       class="testMethodDetails">
                     <div>
                        <b>Name: </b>leastPerAssetTest
                     </div>
                     <div>
                        <b>Signature: </b>leastPerAssetTest(java.util.Hashtable)[pri:0, instance:com.qtpselenium.framework.datadriven.portfolio.LeastPerAssetTest@b4c3ab]
                     </div>
                     <div>
                        <b>Parameters: </b>
                        
                        {Runmode=N, Browser=C31, Result=}
                        
                        
                     </div>
                     <div>
                        <b>Start time: </b>01:26:02
                     </div>
                     <div>
                        <b>End time: </b>01:26:03
                     </div>
                     <div>
                        <b>Duration: </b>88 ms
                        
                     </div>
                  </div>
               </td>
            </tr>
            <tr>
               <td colspan="4" class="detailsBox">
                  <div id="com.qtpselenium.framework.datadriven.portfolio.LeastPerAssetTest_leastPerAssetTest_byClass_SKIP5_exception"
                       class="testMethodDetails">
                     <pre style="padding: 5px; margin: 0;">org.testng.SkipException: Skipping the test LeastPerAssetTest inside the suite PortfolioSuite
                        	at com.qtpselenium.framework.datadriven.TestBase.validateRunmodes(TestBase.java:62)
                        	at com.qtpselenium.framework.datadriven.portfolio.LeastPerAssetTest.leastPerAssetTest(LeastPerAssetTest.java:23)
                        	at sun.reflect.NativeMethodAccessorImpl.invoke0(Native Method)
                        	at sun.reflect.NativeMethodAccessorImpl.invoke(NativeMethodAccessorImpl.java:62)
                        	at sun.reflect.DelegatingMethodAccessorImpl.invoke(DelegatingMethodAccessorImpl.java:43)
                        	at java.lang.reflect.Method.invoke(Method.java:483)
                        	at org.testng.internal.MethodInvocationHelper.invokeMethod(MethodInvocationHelper.java:85)
                        	at org.testng.internal.Invoker.invokeMethod(Invoker.java:659)
                        	at org.testng.internal.Invoker.invokeTestMethod(Invoker.java:845)
                        	at org.testng.internal.Invoker.invokeTestMethods(Invoker.java:1153)
                        	at org.testng.internal.TestMethodWorker.invokeTestMethods(TestMethodWorker.java:125)
                        	at org.testng.internal.TestMethodWorker.run(TestMethodWorker.java:108)
                        	at org.testng.TestRunner.privateRun(TestRunner.java:771)
                        	at org.testng.TestRunner.run(TestRunner.java:621)
                        	at org.testng.SuiteRunner.runTest(SuiteRunner.java:357)
                        	at org.testng.SuiteRunner.runSequentially(SuiteRunner.java:352)
                        	at org.testng.SuiteRunner.privateRun(SuiteRunner.java:310)
                        	at org.testng.SuiteRunner.run(SuiteRunner.java:259)
                        	at org.testng.SuiteRunnerWorker.runSuite(SuiteRunnerWorker.java:52)
                        	at org.testng.SuiteRunnerWorker.run(SuiteRunnerWorker.java:86)
                        	at org.testng.TestNG.runSuitesSequentially(TestNG.java:1199)
                        	at org.testng.TestNG.runSuitesLocally(TestNG.java:1124)
                        	at org.testng.TestNG.run(TestNG.java:1032)
                        	at org.apache.maven.surefire.testng.TestNGExecutor.run(TestNGExecutor.java:77)
                        	at org.apache.maven.surefire.testng.TestNGDirectoryTestSuite.executeMulti(TestNGDirectoryTestSuite.java:159)
                        	at org.apache.maven.surefire.testng.TestNGDirectoryTestSuite.execute(TestNGDirectoryTestSuite.java:99)
                        	at org.apache.maven.surefire.testng.TestNGProvider.invoke(TestNGProvider.java:106)
                        	at sun.reflect.NativeMethodAccessorImpl.invoke0(Native Method)
                        	at sun.reflect.NativeMethodAccessorImpl.invoke(NativeMethodAccessorImpl.java:62)
                        	at sun.reflect.DelegatingMethodAccessorImpl.invoke(DelegatingMethodAccessorImpl.java:43)
                        	at java.lang.reflect.Method.invoke(Method.java:483)
                        	at org.apache.maven.surefire.util.ReflectionUtils.invokeMethodWithArray(ReflectionUtils.java:189)
                        	at org.apache.maven.surefire.booter.ProviderFactory$ProviderProxy.invoke(ProviderFactory.java:165)
                        	at org.apache.maven.surefire.booter.ProviderFactory.invokeProvider(ProviderFactory.java:85)
                        	at org.apache.maven.surefire.booter.ForkedBooter.runSuitesInProcess(ForkedBooter.java:115)
                        	at org.apache.maven.surefire.booter.ForkedBooter.main(ForkedBooter.java:75)
                     </pre>
                  </div>
               </td>
            </tr>
            <tr id="com.qtpselenium.framework.datadriven.portfolio.LeastPerAssetTest_close_byClass_PASS6_row"
                class="testMethodStatusPASS testMethodStatusCONF">
               <td width="100%" class="firstMethodCell">
                  <a onclick="toggleDetailsVisibility('com.qtpselenium.framework.datadriven.portfolio.LeastPerAssetTest_close_byClass_PASS6_details')">close()</a>
               </td>
               <td nowrap="true">01:26:03</td>
               <td nowrap="true" align="right">0 ms
                  
               </td>
               <td nowrap="true">
                   
                  
               </td>
            </tr>
            <tr>
               <td colspan="4" class="detailsBox">
                  <div id="com.qtpselenium.framework.datadriven.portfolio.LeastPerAssetTest_close_byClass_PASS6_details"
                       class="testMethodDetails">
                     <div>
                        <b>Name: </b>close
                     </div>
                     <div>
                        <b>Signature: </b>close()[pri:0, instance:com.qtpselenium.framework.datadriven.portfolio.LeastPerAssetTest@b4c3ab]
                     </div>
                     <div>
                        <b>Start time: </b>01:26:03
                     </div>
                     <div>
                        <b>End time: </b>01:26:03
                     </div>
                     <div>
                        <b>Duration: </b>0 ms
                        
                     </div>
                  </div>
               </td>
            </tr>
            <tr></tr>
         </table>
         <br></br>
         <table class="testMethodsTable" cellpadding="0" cellspacing="0">
            <tr>
               <td colspan="4">
                  <h3 style="display: inline;">com.qtpselenium.framework.datadriven.portfolio.LoginTest</h3>
               </td>
            </tr>
            <tr class="methodsTableHeader">
               <td width="100%">Name</td>
               <td nowrap="true">Started</td>
               <td nowrap="true">Duration</td>
               <td>Exception</td>
            </tr>
            <tr id="com.qtpselenium.framework.datadriven.portfolio.LoginTest_logintest_byClass_SKIP1_row"
                class="testMethodStatusSKIP">
               <td width="100%" class="firstMethodCell">
                  <a onclick="toggleDetailsVisibility('com.qtpselenium.framework.datadriven.portfolio.LoginTest_logintest_byClass_SKIP1_details')">logintest({Username=beast23@hotmail.com, Password=Test123, Runmode=Y, Expected_Result=, Browser=Mozilla, Result=})</a>
               </td>
               <td nowrap="true">01:26:03</td>
               <td nowrap="true" align="right">48 ms
                  
               </td>
               <td nowrap="true">
                  <a onclick="toggleDetailsVisibility('com.qtpselenium.framework.datadriven.portfolio.LoginTest_logintest_byClass_SKIP1_exception')">org.testng.SkipException: 
                     Skipping the test LoginTest inside the suite PortfolioSuite
                     
                  </a>
                   
                  
               </td>
            </tr>
            <tr>
               <td colspan="4" class="detailsBox">
                  <div id="com.qtpselenium.framework.datadriven.portfolio.LoginTest_logintest_byClass_SKIP1_details"
                       class="testMethodDetails">
                     <div>
                        <b>Name: </b>logintest
                     </div>
                     <div>
                        <b>Signature: </b>logintest(java.util.Hashtable)[pri:0, instance:com.qtpselenium.framework.datadriven.portfolio.LoginTest@17996a0]
                     </div>
                     <div>
                        <b>Parameters: </b>
                        
                        {Username=beast23@hotmail.com, Password=Test123, Runmode=Y, Expected_Result=, Browser=Mozilla, Result=}
                        
                        
                     </div>
                     <div>
                        <b>Start time: </b>01:26:03
                     </div>
                     <div>
                        <b>End time: </b>01:26:03
                     </div>
                     <div>
                        <b>Duration: </b>48 ms
                        
                     </div>
                  </div>
               </td>
            </tr>
            <tr>
               <td colspan="4" class="detailsBox">
                  <div id="com.qtpselenium.framework.datadriven.portfolio.LoginTest_logintest_byClass_SKIP1_exception"
                       class="testMethodDetails">
                     <pre style="padding: 5px; margin: 0;">org.testng.SkipException: Skipping the test LoginTest inside the suite PortfolioSuite
                        	at com.qtpselenium.framework.datadriven.TestBase.validateRunmodes(TestBase.java:62)
                        	at com.qtpselenium.framework.datadriven.portfolio.LoginTest.logintest(LoginTest.java:22)
                        	at sun.reflect.NativeMethodAccessorImpl.invoke0(Native Method)
                        	at sun.reflect.NativeMethodAccessorImpl.invoke(NativeMethodAccessorImpl.java:62)
                        	at sun.reflect.DelegatingMethodAccessorImpl.invoke(DelegatingMethodAccessorImpl.java:43)
                        	at java.lang.reflect.Method.invoke(Method.java:483)
                        	at org.testng.internal.MethodInvocationHelper.invokeMethod(MethodInvocationHelper.java:85)
                        	at org.testng.internal.Invoker.invokeMethod(Invoker.java:659)
                        	at org.testng.internal.Invoker.invokeTestMethod(Invoker.java:845)
                        	at org.testng.internal.Invoker.invokeTestMethods(Invoker.java:1153)
                        	at org.testng.internal.TestMethodWorker.invokeTestMethods(TestMethodWorker.java:125)
                        	at org.testng.internal.TestMethodWorker.run(TestMethodWorker.java:108)
                        	at org.testng.TestRunner.privateRun(TestRunner.java:771)
                        	at org.testng.TestRunner.run(TestRunner.java:621)
                        	at org.testng.SuiteRunner.runTest(SuiteRunner.java:357)
                        	at org.testng.SuiteRunner.runSequentially(SuiteRunner.java:352)
                        	at org.testng.SuiteRunner.privateRun(SuiteRunner.java:310)
                        	at org.testng.SuiteRunner.run(SuiteRunner.java:259)
                        	at org.testng.SuiteRunnerWorker.runSuite(SuiteRunnerWorker.java:52)
                        	at org.testng.SuiteRunnerWorker.run(SuiteRunnerWorker.java:86)
                        	at org.testng.TestNG.runSuitesSequentially(TestNG.java:1199)
                        	at org.testng.TestNG.runSuitesLocally(TestNG.java:1124)
                        	at org.testng.TestNG.run(TestNG.java:1032)
                        	at org.apache.maven.surefire.testng.TestNGExecutor.run(TestNGExecutor.java:77)
                        	at org.apache.maven.surefire.testng.TestNGDirectoryTestSuite.executeMulti(TestNGDirectoryTestSuite.java:159)
                        	at org.apache.maven.surefire.testng.TestNGDirectoryTestSuite.execute(TestNGDirectoryTestSuite.java:99)
                        	at org.apache.maven.surefire.testng.TestNGProvider.invoke(TestNGProvider.java:106)
                        	at sun.reflect.NativeMethodAccessorImpl.invoke0(Native Method)
                        	at sun.reflect.NativeMethodAccessorImpl.invoke(NativeMethodAccessorImpl.java:62)
                        	at sun.reflect.DelegatingMethodAccessorImpl.invoke(DelegatingMethodAccessorImpl.java:43)
                        	at java.lang.reflect.Method.invoke(Method.java:483)
                        	at org.apache.maven.surefire.util.ReflectionUtils.invokeMethodWithArray(ReflectionUtils.java:189)
                        	at org.apache.maven.surefire.booter.ProviderFactory$ProviderProxy.invoke(ProviderFactory.java:165)
                        	at org.apache.maven.surefire.booter.ProviderFactory.invokeProvider(ProviderFactory.java:85)
                        	at org.apache.maven.surefire.booter.ForkedBooter.runSuitesInProcess(ForkedBooter.java:115)
                        	at org.apache.maven.surefire.booter.ForkedBooter.main(ForkedBooter.java:75)
                     </pre>
                  </div>
               </td>
            </tr>
            <tr id="com.qtpselenium.framework.datadriven.portfolio.LoginTest_logintest_byClass_SKIP2_row"
                class="testMethodStatusSKIP">
               <td width="100%" class="firstMethodCell">
                  <a onclick="toggleDetailsVisibility('com.qtpselenium.framework.datadriven.portfolio.LoginTest_logintest_byClass_SKIP2_details')">logintest({Username=C23, Password=C34, Runmode=N, Expected_Result=, Browser=Chrome, Result=})</a>
               </td>
               <td nowrap="true">01:26:03</td>
               <td nowrap="true" align="right">41 ms
                  
               </td>
               <td nowrap="true">
                  <a onclick="toggleDetailsVisibility('com.qtpselenium.framework.datadriven.portfolio.LoginTest_logintest_byClass_SKIP2_exception')">org.testng.SkipException: 
                     Skipping the test LoginTest inside the suite PortfolioSuite
                     
                  </a>
                   
                  
               </td>
            </tr>
            <tr>
               <td colspan="4" class="detailsBox">
                  <div id="com.qtpselenium.framework.datadriven.portfolio.LoginTest_logintest_byClass_SKIP2_details"
                       class="testMethodDetails">
                     <div>
                        <b>Name: </b>logintest
                     </div>
                     <div>
                        <b>Signature: </b>logintest(java.util.Hashtable)[pri:0, instance:com.qtpselenium.framework.datadriven.portfolio.LoginTest@17996a0]
                     </div>
                     <div>
                        <b>Parameters: </b>
                        
                        {Username=C23, Password=C34, Runmode=N, Expected_Result=, Browser=Chrome, Result=}
                        
                        
                     </div>
                     <div>
                        <b>Start time: </b>01:26:03
                     </div>
                     <div>
                        <b>End time: </b>01:26:03
                     </div>
                     <div>
                        <b>Duration: </b>41 ms
                        
                     </div>
                  </div>
               </td>
            </tr>
            <tr>
               <td colspan="4" class="detailsBox">
                  <div id="com.qtpselenium.framework.datadriven.portfolio.LoginTest_logintest_byClass_SKIP2_exception"
                       class="testMethodDetails">
                     <pre style="padding: 5px; margin: 0;">org.testng.SkipException: Skipping the test LoginTest inside the suite PortfolioSuite
                        	at com.qtpselenium.framework.datadriven.TestBase.validateRunmodes(TestBase.java:62)
                        	at com.qtpselenium.framework.datadriven.portfolio.LoginTest.logintest(LoginTest.java:22)
                        	at sun.reflect.NativeMethodAccessorImpl.invoke0(Native Method)
                        	at sun.reflect.NativeMethodAccessorImpl.invoke(NativeMethodAccessorImpl.java:62)
                        	at sun.reflect.DelegatingMethodAccessorImpl.invoke(DelegatingMethodAccessorImpl.java:43)
                        	at java.lang.reflect.Method.invoke(Method.java:483)
                        	at org.testng.internal.MethodInvocationHelper.invokeMethod(MethodInvocationHelper.java:85)
                        	at org.testng.internal.Invoker.invokeMethod(Invoker.java:659)
                        	at org.testng.internal.Invoker.invokeTestMethod(Invoker.java:845)
                        	at org.testng.internal.Invoker.invokeTestMethods(Invoker.java:1153)
                        	at org.testng.internal.TestMethodWorker.invokeTestMethods(TestMethodWorker.java:125)
                        	at org.testng.internal.TestMethodWorker.run(TestMethodWorker.java:108)
                        	at org.testng.TestRunner.privateRun(TestRunner.java:771)
                        	at org.testng.TestRunner.run(TestRunner.java:621)
                        	at org.testng.SuiteRunner.runTest(SuiteRunner.java:357)
                        	at org.testng.SuiteRunner.runSequentially(SuiteRunner.java:352)
                        	at org.testng.SuiteRunner.privateRun(SuiteRunner.java:310)
                        	at org.testng.SuiteRunner.run(SuiteRunner.java:259)
                        	at org.testng.SuiteRunnerWorker.runSuite(SuiteRunnerWorker.java:52)
                        	at org.testng.SuiteRunnerWorker.run(SuiteRunnerWorker.java:86)
                        	at org.testng.TestNG.runSuitesSequentially(TestNG.java:1199)
                        	at org.testng.TestNG.runSuitesLocally(TestNG.java:1124)
                        	at org.testng.TestNG.run(TestNG.java:1032)
                        	at org.apache.maven.surefire.testng.TestNGExecutor.run(TestNGExecutor.java:77)
                        	at org.apache.maven.surefire.testng.TestNGDirectoryTestSuite.executeMulti(TestNGDirectoryTestSuite.java:159)
                        	at org.apache.maven.surefire.testng.TestNGDirectoryTestSuite.execute(TestNGDirectoryTestSuite.java:99)
                        	at org.apache.maven.surefire.testng.TestNGProvider.invoke(TestNGProvider.java:106)
                        	at sun.reflect.NativeMethodAccessorImpl.invoke0(Native Method)
                        	at sun.reflect.NativeMethodAccessorImpl.invoke(NativeMethodAccessorImpl.java:62)
                        	at sun.reflect.DelegatingMethodAccessorImpl.invoke(DelegatingMethodAccessorImpl.java:43)
                        	at java.lang.reflect.Method.invoke(Method.java:483)
                        	at org.apache.maven.surefire.util.ReflectionUtils.invokeMethodWithArray(ReflectionUtils.java:189)
                        	at org.apache.maven.surefire.booter.ProviderFactory$ProviderProxy.invoke(ProviderFactory.java:165)
                        	at org.apache.maven.surefire.booter.ProviderFactory.invokeProvider(ProviderFactory.java:85)
                        	at org.apache.maven.surefire.booter.ForkedBooter.runSuitesInProcess(ForkedBooter.java:115)
                        	at org.apache.maven.surefire.booter.ForkedBooter.main(ForkedBooter.java:75)
                     </pre>
                  </div>
               </td>
            </tr>
            <tr id="com.qtpselenium.framework.datadriven.portfolio.LoginTest_logintest_byClass_SKIP3_row"
                class="testMethodStatusSKIP">
               <td width="100%" class="firstMethodCell">
                  <a onclick="toggleDetailsVisibility('com.qtpselenium.framework.datadriven.portfolio.LoginTest_logintest_byClass_SKIP3_details')">logintest({Username=beast23@hotmail.com, Password=Test123, Runmode=N, Expected_Result=, Browser=Chrome, Result=})</a>
               </td>
               <td nowrap="true">01:26:03</td>
               <td nowrap="true" align="right">44 ms
                  
               </td>
               <td nowrap="true">
                  <a onclick="toggleDetailsVisibility('com.qtpselenium.framework.datadriven.portfolio.LoginTest_logintest_byClass_SKIP3_exception')">org.testng.SkipException: 
                     Skipping the test LoginTest inside the suite PortfolioSuite
                     
                  </a>
                   
                  
               </td>
            </tr>
            <tr>
               <td colspan="4" class="detailsBox">
                  <div id="com.qtpselenium.framework.datadriven.portfolio.LoginTest_logintest_byClass_SKIP3_details"
                       class="testMethodDetails">
                     <div>
                        <b>Name: </b>logintest
                     </div>
                     <div>
                        <b>Signature: </b>logintest(java.util.Hashtable)[pri:0, instance:com.qtpselenium.framework.datadriven.portfolio.LoginTest@17996a0]
                     </div>
                     <div>
                        <b>Parameters: </b>
                        
                        {Username=beast23@hotmail.com, Password=Test123, Runmode=N, Expected_Result=, Browser=Chrome, Result=}
                        
                        
                     </div>
                     <div>
                        <b>Start time: </b>01:26:03
                     </div>
                     <div>
                        <b>End time: </b>01:26:03
                     </div>
                     <div>
                        <b>Duration: </b>44 ms
                        
                     </div>
                  </div>
               </td>
            </tr>
            <tr>
               <td colspan="4" class="detailsBox">
                  <div id="com.qtpselenium.framework.datadriven.portfolio.LoginTest_logintest_byClass_SKIP3_exception"
                       class="testMethodDetails">
                     <pre style="padding: 5px; margin: 0;">org.testng.SkipException: Skipping the test LoginTest inside the suite PortfolioSuite
                        	at com.qtpselenium.framework.datadriven.TestBase.validateRunmodes(TestBase.java:62)
                        	at com.qtpselenium.framework.datadriven.portfolio.LoginTest.logintest(LoginTest.java:22)
                        	at sun.reflect.NativeMethodAccessorImpl.invoke0(Native Method)
                        	at sun.reflect.NativeMethodAccessorImpl.invoke(NativeMethodAccessorImpl.java:62)
                        	at sun.reflect.DelegatingMethodAccessorImpl.invoke(DelegatingMethodAccessorImpl.java:43)
                        	at java.lang.reflect.Method.invoke(Method.java:483)
                        	at org.testng.internal.MethodInvocationHelper.invokeMethod(MethodInvocationHelper.java:85)
                        	at org.testng.internal.Invoker.invokeMethod(Invoker.java:659)
                        	at org.testng.internal.Invoker.invokeTestMethod(Invoker.java:845)
                        	at org.testng.internal.Invoker.invokeTestMethods(Invoker.java:1153)
                        	at org.testng.internal.TestMethodWorker.invokeTestMethods(TestMethodWorker.java:125)
                        	at org.testng.internal.TestMethodWorker.run(TestMethodWorker.java:108)
                        	at org.testng.TestRunner.privateRun(TestRunner.java:771)
                        	at org.testng.TestRunner.run(TestRunner.java:621)
                        	at org.testng.SuiteRunner.runTest(SuiteRunner.java:357)
                        	at org.testng.SuiteRunner.runSequentially(SuiteRunner.java:352)
                        	at org.testng.SuiteRunner.privateRun(SuiteRunner.java:310)
                        	at org.testng.SuiteRunner.run(SuiteRunner.java:259)
                        	at org.testng.SuiteRunnerWorker.runSuite(SuiteRunnerWorker.java:52)
                        	at org.testng.SuiteRunnerWorker.run(SuiteRunnerWorker.java:86)
                        	at org.testng.TestNG.runSuitesSequentially(TestNG.java:1199)
                        	at org.testng.TestNG.runSuitesLocally(TestNG.java:1124)
                        	at org.testng.TestNG.run(TestNG.java:1032)
                        	at org.apache.maven.surefire.testng.TestNGExecutor.run(TestNGExecutor.java:77)
                        	at org.apache.maven.surefire.testng.TestNGDirectoryTestSuite.executeMulti(TestNGDirectoryTestSuite.java:159)
                        	at org.apache.maven.surefire.testng.TestNGDirectoryTestSuite.execute(TestNGDirectoryTestSuite.java:99)
                        	at org.apache.maven.surefire.testng.TestNGProvider.invoke(TestNGProvider.java:106)
                        	at sun.reflect.NativeMethodAccessorImpl.invoke0(Native Method)
                        	at sun.reflect.NativeMethodAccessorImpl.invoke(NativeMethodAccessorImpl.java:62)
                        	at sun.reflect.DelegatingMethodAccessorImpl.invoke(DelegatingMethodAccessorImpl.java:43)
                        	at java.lang.reflect.Method.invoke(Method.java:483)
                        	at org.apache.maven.surefire.util.ReflectionUtils.invokeMethodWithArray(ReflectionUtils.java:189)
                        	at org.apache.maven.surefire.booter.ProviderFactory$ProviderProxy.invoke(ProviderFactory.java:165)
                        	at org.apache.maven.surefire.booter.ProviderFactory.invokeProvider(ProviderFactory.java:85)
                        	at org.apache.maven.surefire.booter.ForkedBooter.runSuitesInProcess(ForkedBooter.java:115)
                        	at org.apache.maven.surefire.booter.ForkedBooter.main(ForkedBooter.java:75)
                     </pre>
                  </div>
               </td>
            </tr>
         </table>
         <br></br>
         <table class="testMethodsTable" cellpadding="0" cellspacing="0">
            <tr>
               <td colspan="4">
                  <h3 style="display: inline;">com.qtpselenium.framework.datadriven.portfolio.Test3</h3>
               </td>
            </tr>
            <tr class="methodsTableHeader">
               <td width="100%">Name</td>
               <td nowrap="true">Started</td>
               <td nowrap="true">Duration</td>
               <td>Exception</td>
            </tr>
            <tr id="com.qtpselenium.framework.datadriven.portfolio.Test3_Test3_byClass_PASS1_row"
                class="testMethodStatusPASS">
               <td width="100%" class="firstMethodCell">
                  <a onclick="toggleDetailsVisibility('com.qtpselenium.framework.datadriven.portfolio.Test3_Test3_byClass_PASS1_details')">Test3()</a>
               </td>
               <td nowrap="true">01:26:03</td>
               <td nowrap="true" align="right">0 ms
                  
               </td>
               <td nowrap="true">
                   
                  
               </td>
            </tr>
            <tr>
               <td colspan="4" class="detailsBox">
                  <div id="com.qtpselenium.framework.datadriven.portfolio.Test3_Test3_byClass_PASS1_details"
                       class="testMethodDetails">
                     <div>
                        <b>Name: </b>Test3
                     </div>
                     <div>
                        <b>Signature: </b>Test3()[pri:0, instance:com.qtpselenium.framework.datadriven.portfolio.Test3@14bef66]
                     </div>
                     <div>
                        <b>Start time: </b>01:26:03
                     </div>
                     <div>
                        <b>End time: </b>01:26:03
                     </div>
                     <div>
                        <b>Duration: </b>0 ms
                        
                     </div>
                  </div>
               </td>
            </tr>
            <tr></tr>
         </table>
         <br></br>
         <table class="testMethodsTable" cellpadding="0" cellspacing="0">
            <tr>
               <td colspan="4">
                  <h3 style="display: inline;">com.qtpselenium.framework.datadriven.portfolio.Test4</h3>
               </td>
            </tr>
            <tr class="methodsTableHeader">
               <td width="100%">Name</td>
               <td nowrap="true">Started</td>
               <td nowrap="true">Duration</td>
               <td>Exception</td>
            </tr>
            <tr id="com.qtpselenium.framework.datadriven.portfolio.Test4_Test4_byClass_PASS1_row"
                class="testMethodStatusPASS">
               <td width="100%" class="firstMethodCell">
                  <a onclick="toggleDetailsVisibility('com.qtpselenium.framework.datadriven.portfolio.Test4_Test4_byClass_PASS1_details')">Test4()</a>
               </td>
               <td nowrap="true">01:26:03</td>
               <td nowrap="true" align="right">0 ms
                  
               </td>
               <td nowrap="true">
                   
                  
               </td>
            </tr>
            <tr>
               <td colspan="4" class="detailsBox">
                  <div id="com.qtpselenium.framework.datadriven.portfolio.Test4_Test4_byClass_PASS1_details"
                       class="testMethodDetails">
                     <div>
                        <b>Name: </b>Test4
                     </div>
                     <div>
                        <b>Signature: </b>Test4()[pri:0, instance:com.qtpselenium.framework.datadriven.portfolio.Test4@6e2eef]
                     </div>
                     <div>
                        <b>Start time: </b>01:26:03
                     </div>
                     <div>
                        <b>End time: </b>01:26:03
                     </div>
                     <div>
                        <b>Duration: </b>0 ms
                        
                     </div>
                  </div>
               </td>
            </tr>
            <tr></tr>
         </table>
         <br></br>
         <table class="testMethodsTable" cellpadding="0" cellspacing="0">
            <tr>
               <td colspan="4">
                  <h3 style="display: inline;">com.qtpselenium.framework.datadriven.portfolio.Test5</h3>
               </td>
            </tr>
            <tr class="methodsTableHeader">
               <td width="100%">Name</td>
               <td nowrap="true">Started</td>
               <td nowrap="true">Duration</td>
               <td>Exception</td>
            </tr>
            <tr id="com.qtpselenium.framework.datadriven.portfolio.Test5_Test5_byClass_PASS1_row"
                class="testMethodStatusPASS">
               <td width="100%" class="firstMethodCell">
                  <a onclick="toggleDetailsVisibility('com.qtpselenium.framework.datadriven.portfolio.Test5_Test5_byClass_PASS1_details')">Test5()</a>
               </td>
               <td nowrap="true">01:26:03</td>
               <td nowrap="true" align="right">1 ms
                  
               </td>
               <td nowrap="true">
                   
                  
               </td>
            </tr>
            <tr>
               <td colspan="4" class="detailsBox">
                  <div id="com.qtpselenium.framework.datadriven.portfolio.Test5_Test5_byClass_PASS1_details"
                       class="testMethodDetails">
                     <div>
                        <b>Name: </b>Test5
                     </div>
                     <div>
                        <b>Signature: </b>Test5()[pri:0, instance:com.qtpselenium.framework.datadriven.portfolio.Test5@1560810]
                     </div>
                     <div>
                        <b>Start time: </b>01:26:03
                     </div>
                     <div>
                        <b>End time: </b>01:26:03
                     </div>
                     <div>
                        <b>Duration: </b>1 ms
                        
                     </div>
                  </div>
               </td>
            </tr>
            <tr></tr>
         </table>
         <br></br>
      </div>
      <div style="margin-top: 15px; color: gray; text-align: center; font-size: 9px;">
         Generated with
         
         <a href="http://code.google.com/p/testng-xslt/" style="color: #8888aa;"
            target="_blank">
            TestNG XSLT
            
         </a>
      </div>
   </body>
</html>