<!DOCTYPE html PUBLIC "-//W3C//DTD XHTML 1.1//EN" "http://www.w3.org/TR/xhtml11/DTD/xhtml11.dtd">
<html xmlns="http://www.w3.org/1999/xhtml"><head><title>TestNG Report</title><style type="text/css">table {margin-bottom:10px;border-collapse:collapse;empty-cells:show}th,td {border:1px solid #009;padding:.25em .5em}th {vertical-align:bottom}td {vertical-align:top}table a {font-weight:bold}.stripe td {background-color: #E6EBF9}.num {text-align:right}.passedodd td {background-color: #3F3}.passedeven td {background-color: #0A0}.skippedodd td {background-color: #DDD}.skippedeven td {background-color: #CCC}.failedodd td,.attn {background-color: #F33}.failedeven td,.stripe .attn {background-color: #D00}.stacktrace {white-space:pre;font-family:monospace}.totop {font-size:85%;text-align:center;border-bottom:2px solid #000}</style></head><body><table><tr><th>Test</th><th># Passed</th><th># Skipped</th><th># Failed</th><th>Time (ms)</th><th>Included Groups</th><th>Excluded Groups</th></tr><tr><th colspan="7">Command line suite</th></tr><tr><td><a href="#t0">Command line test</a></td><td class="num">4</td><td class="num attn">5</td><td class="num">0</td><td class="num">551,163</td><td></td><td></td></tr></table><table><thead><tr><th>Class</th><th>Method</th><th>Start</th><th>Time (ms)</th></tr></thead><tbody><tr><th colspan="4">Command line suite</th></tr></tbody><tbody id="t0"><tr><th colspan="4">Command line test &#8212; skipped</th></tr><tr class="skippedeven"><td rowspan="3">com.qtpselenium.framework.datadriven.portfolio.LeastPerAssetTest</td><td><a href="#m0">leastPerAssetTest</a></td><td rowspan="3">1439510112803</td><td rowspan="3">47</td></tr><tr class="skippedeven"><td><a href="#m1">leastPerAssetTest</a></td></tr><tr class="skippedeven"><td><a href="#m2">leastPerAssetTest</a></td></tr><tr class="skippedodd"><td rowspan="2">com.qtpselenium.framework.datadriven.portfolio.LoginTest</td><td><a href="#m3">logintest</a></td><td rowspan="2">1439510662716</td><td rowspan="2">47</td></tr><tr class="skippedodd"><td><a href="#m4">logintest</a></td></tr><tr><th colspan="4">Command line test &#8212; passed</th></tr><tr class="passedeven"><td rowspan="1">com.qtpselenium.framework.datadriven.portfolio.LoginTest</td><td><a href="#m5">logintest</a></td><td rowspan="1">1439510112960</td><td rowspan="1">549756</td></tr><tr class="passedodd"><td rowspan="1">com.qtpselenium.framework.datadriven.portfolio.Test3</td><td><a href="#m6">Test3</a></td><td rowspan="1">1439510662810</td><td rowspan="1">0</td></tr><tr class="passedeven"><td rowspan="1">com.qtpselenium.framework.datadriven.portfolio.Test4</td><td><a href="#m7">Test4</a></td><td rowspan="1">1439510662810</td><td rowspan="1">0</td></tr><tr class="passedodd"><td rowspan="1">com.qtpselenium.framework.datadriven.portfolio.Test5</td><td><a href="#m8">Test5</a></td><td rowspan="1">1439510662810</td><td rowspan="1">0</td></tr></tbody></table><h2>Command line test</h2><h3 id="m0">com.qtpselenium.framework.datadriven.portfolio.LeastPerAssetTest#leastPerAssetTest</h3><table class="result"><tr class="param"><th>Parameter #1</th></tr><tr class="param stripe"><td>{Runmode=N, Browser=C21, Result=}</td></tr><tr><th>Exception</th></tr><tr><td><div class="stacktrace">org.testng.SkipException: Skipping the test LeastPerAssetTest inside the suite PortfolioSuite
	at com.qtpselenium.framework.datadriven.TestBase.validateRunmodes(TestBase.java:80)
	at com.qtpselenium.framework.datadriven.portfolio.LeastPerAssetTest.leastPerAssetTest(LeastPerAssetTest.java:23)
... Removed 34 stack frames</div></td></tr></table><p class="totop"><a href="#summary">back to summary</a></p><h3 id="m1">com.qtpselenium.framework.datadriven.portfolio.LeastPerAssetTest#leastPerAssetTest</h3><table class="result"><tr class="param"><th>Parameter #1</th></tr><tr class="param stripe"><td>{Runmode=N, Browser=Mozilla, Result=}</td></tr><tr><th>Exception</th></tr><tr><td><div class="stacktrace">org.testng.SkipException: Skipping the test LeastPerAssetTest inside the suite PortfolioSuite
	at com.qtpselenium.framework.datadriven.TestBase.validateRunmodes(TestBase.java:80)
	at com.qtpselenium.framework.datadriven.portfolio.LeastPerAssetTest.leastPerAssetTest(LeastPerAssetTest.java:23)
... Removed 34 stack frames</div></td></tr></table><p class="totop"><a href="#summary">back to summary</a></p><h3 id="m2">com.qtpselenium.framework.datadriven.portfolio.LeastPerAssetTest#leastPerAssetTest</h3><table class="result"><tr class="param"><th>Parameter #1</th></tr><tr class="param stripe"><td>{Runmode=N, Browser=C31, Result=}</td></tr><tr><th>Exception</th></tr><tr><td><div class="stacktrace">org.testng.SkipException: Skipping the test LeastPerAssetTest inside the suite PortfolioSuite
	at com.qtpselenium.framework.datadriven.TestBase.validateRunmodes(TestBase.java:80)
	at com.qtpselenium.framework.datadriven.portfolio.LeastPerAssetTest.leastPerAssetTest(LeastPerAssetTest.java:23)
... Removed 34 stack frames</div></td></tr></table><p class="totop"><a href="#summary">back to summary</a></p><h3 id="m3">com.qtpselenium.framework.datadriven.portfolio.LoginTest#logintest</h3><table class="result"><tr class="param"><th>Parameter #1</th></tr><tr class="param stripe"><td>{Username=C23, Password=C34, Runmode=N, Expected_Result=, Browser=Chrome, Result=}</td></tr><tr><th>Exception</th></tr><tr><td><div class="stacktrace">org.testng.SkipException: Skipping the test LoginTest inside the suite PortfolioSuite
	at com.qtpselenium.framework.datadriven.TestBase.validateRunmodes(TestBase.java:80)
	at com.qtpselenium.framework.datadriven.portfolio.LoginTest.logintest(LoginTest.java:22)
... Removed 34 stack frames</div></td></tr></table><p class="totop"><a href="#summary">back to summary</a></p><h3 id="m4">com.qtpselenium.framework.datadriven.portfolio.LoginTest#logintest</h3><table class="result"><tr class="param"><th>Parameter #1</th></tr><tr class="param stripe"><td>{Username=beast23@hotmail.com, Password=Test123, Runmode=N, Expected_Result=, Browser=Chrome, Result=}</td></tr><tr><th>Exception</th></tr><tr><td><div class="stacktrace">org.testng.SkipException: Skipping the test LoginTest inside the suite PortfolioSuite
	at com.qtpselenium.framework.datadriven.TestBase.validateRunmodes(TestBase.java:80)
	at com.qtpselenium.framework.datadriven.portfolio.LoginTest.logintest(LoginTest.java:22)
... Removed 34 stack frames</div></td></tr></table><p class="totop"><a href="#summary">back to summary</a></p><h3 id="m5">com.qtpselenium.framework.datadriven.portfolio.LoginTest#logintest</h3><table class="result"><tr class="param"><th>Parameter #1</th></tr><tr class="param stripe"><td>{Username=beast23@hotmail.com, Password=Test123, Runmode=Y, Expected_Result=, Browser=Mozilla, Result=}</td></tr></table><p class="totop"><a href="#summary">back to summary</a></p><h3 id="m6">com.qtpselenium.framework.datadriven.portfolio.Test3#Test3</h3><table class="result"></table><p class="totop"><a href="#summary">back to summary</a></p><h3 id="m7">com.qtpselenium.framework.datadriven.portfolio.Test4#Test4</h3><table class="result"></table><p class="totop"><a href="#summary">back to summary</a></p><h3 id="m8">com.qtpselenium.framework.datadriven.portfolio.Test5#Test5</h3><table class="result"></table><p class="totop"><a href="#summary">back to summary</a></p></body></html>