<!DOCTYPE html PUBLIC "-//W3C//DTD XHTML 1.1//EN" "http://www.w3.org/TR/xhtml11/DTD/xhtml11.dtd">
<html xmlns="http://www.w3.org/1999/xhtml"><head><title>TestNG Report</title><style type="text/css">table {margin-bottom:10px;border-collapse:collapse;empty-cells:show}th,td {border:1px solid #009;padding:.25em .5em}th {vertical-align:bottom}td {vertical-align:top}table a {font-weight:bold}.stripe td {background-color: #E6EBF9}.num {text-align:right}.passedodd td {background-color: #3F3}.passedeven td {background-color: #0A0}.skippedodd td {background-color: #DDD}.skippedeven td {background-color: #CCC}.failedodd td,.attn {background-color: #F33}.failedeven td,.stripe .attn {background-color: #D00}.stacktrace {white-space:pre;font-family:monospace}.totop {font-size:85%;text-align:center;border-bottom:2px solid #000}</style></head><body><table><tr><th>Test</th><th># Passed</th><th># Skipped</th><th># Failed</th><th>Time (ms)</th><th>Included Groups</th><th>Excluded Groups</th></tr><tr><th colspan="7">Stock Suite</th></tr><tr><td><a href="#t0">Stock Add Test</a></td><td class="num">1</td><td class="num attn">2</td><td class="num">0</td><td class="num">346,361</td><td></td><td></td></tr><tr class="stripe"><td><a href="#t1">Trends Test</a></td><td class="num">0</td><td class="num attn">3</td><td class="num">0</td><td class="num">150</td><td></td><td></td></tr><tr><th colspan="7">My Project</th></tr><tr><th>Total</th><th class="num">1</th><th class="num attn">5</th><th class="num">0</th><th class="num">346,511</th><th colspan="2"></th></tr></table><table><thead><tr><th>Class</th><th>Method</th><th>Start</th><th>Time (ms)</th></tr></thead><tbody><tr><th colspan="4">Stock Suite</th></tr></tbody><tbody id="t0"><tr><th colspan="4">Stock Add Test &#8212; skipped</th></tr><tr class="skippedeven"><td rowspan="2">com.qtpselenium.framework.datadriven.stocksuite.AddStock</td><td><a href="#m0">addStock</a></td><td rowspan="2">1439408013160</td><td rowspan="2">67</td></tr><tr class="skippedeven"><td><a href="#m1">addStock</a></td></tr><tr><th colspan="4">Stock Add Test &#8212; passed</th></tr><tr class="passedeven"><td rowspan="1">com.qtpselenium.framework.datadriven.stocksuite.AddStock</td><td><a href="#m2">addStock</a></td><td rowspan="1">1439407667959</td><td rowspan="1">342897</td></tr></tbody><tbody id="t1"><tr><th colspan="4">Trends Test &#8212; skipped</th></tr><tr class="skippedeven"><td rowspan="3">com.qtpselenium.framework.datadriven.stocksuite.Trends</td><td><a href="#m3">trends</a></td><td rowspan="3">1439408013591</td><td rowspan="3">33</td></tr><tr class="skippedeven"><td><a href="#m4">trends</a></td></tr><tr class="skippedeven"><td><a href="#m5">trends</a></td></tr></tbody><tbody><tr><th colspan="4">My Project</th></tr></tbody></table><h2>Stock Add Test</h2><h3 id="m0">com.qtpselenium.framework.datadriven.stocksuite.AddStock#addStock</h3><table class="result"><tr class="param"><th>Parameter #1</th></tr><tr class="param stripe"><td>{Price=, Runmode=N, Stock Name=C23, Quantity=, PurchaseDate=C34, Browser=C21, Result=}</td></tr><tr><th>Exception</th></tr><tr><td><div class="stacktrace">org.testng.SkipException: Skipping the test addStock inside the suite StockSuite
	at com.qtpselenium.framework.datadriven.TestBase.validateRunmodes(TestBase.java:62)
	at com.qtpselenium.framework.datadriven.stocksuite.AddStock.addStock(AddStock.java:26)
... Removed 25 stack frames</div></td></tr></table><p class="totop"><a href="#summary">back to summary</a></p><h3 id="m1">com.qtpselenium.framework.datadriven.stocksuite.AddStock#addStock</h3><table class="result"><tr class="param"><th>Parameter #1</th></tr><tr class="param stripe"><td>{Price=, Runmode=N, Stock Name=C24, Quantity=, PurchaseDate=C35, Browser=C31, Result=}</td></tr><tr><th>Exception</th></tr><tr><td><div class="stacktrace">org.testng.SkipException: Skipping the test addStock inside the suite StockSuite
	at com.qtpselenium.framework.datadriven.TestBase.validateRunmodes(TestBase.java:62)
	at com.qtpselenium.framework.datadriven.stocksuite.AddStock.addStock(AddStock.java:26)
... Removed 25 stack frames</div></td></tr></table><p class="totop"><a href="#summary">back to summary</a></p><h3 id="m2">com.qtpselenium.framework.datadriven.stocksuite.AddStock#addStock</h3><table class="result"><tr class="param"><th>Parameter #1</th></tr><tr class="param stripe"><td>{Price=100, Runmode=Y, Stock Name=HSIL Ltd., Quantity=10, PurchaseDate=08/04/2015, Browser=Mozilla, Result=}</td></tr></table><p class="totop"><a href="#summary">back to summary</a></p><h2>Trends Test</h2><h3 id="m3">com.qtpselenium.framework.datadriven.stocksuite.Trends#trends</h3><table class="result"><tr class="param"><th>Parameter #1</th></tr><tr class="param stripe"><td>{Amount=C24, Currency2=C46, Runmode=N, Currency1=C35, Browser=C31, Result=}</td></tr><tr><th>Exception</th></tr><tr><td><div class="stacktrace">org.testng.SkipException: Skipping the test trends inside the suite StockSuite
	at com.qtpselenium.framework.datadriven.TestBase.validateRunmodes(TestBase.java:62)
	at com.qtpselenium.framework.datadriven.stocksuite.Trends.trends(Trends.java:19)
... Removed 25 stack frames</div></td></tr></table><p class="totop"><a href="#summary">back to summary</a></p><h3 id="m4">com.qtpselenium.framework.datadriven.stocksuite.Trends#trends</h3><table class="result"><tr class="param"><th>Parameter #1</th></tr><tr class="param stripe"><td>{Amount=10, Currency2=British Pound, Runmode=Y, Currency1=US Dollar, Browser=Mozilla, Result=}</td></tr><tr><th>Exception</th></tr><tr><td><div class="stacktrace">org.testng.SkipException: Skipping the test trends inside the suite StockSuite
	at com.qtpselenium.framework.datadriven.TestBase.validateRunmodes(TestBase.java:62)
	at com.qtpselenium.framework.datadriven.stocksuite.Trends.trends(Trends.java:19)
... Removed 25 stack frames</div></td></tr></table><p class="totop"><a href="#summary">back to summary</a></p><h3 id="m5">com.qtpselenium.framework.datadriven.stocksuite.Trends#trends</h3><table class="result"><tr class="param"><th>Parameter #1</th></tr><tr class="param stripe"><td>{Amount=C23, Currency2=C45, Runmode=N, Currency1=C34, Browser=C21, Result=}</td></tr><tr><th>Exception</th></tr><tr><td><div class="stacktrace">org.testng.SkipException: Skipping the test trends inside the suite StockSuite
	at com.qtpselenium.framework.datadriven.TestBase.validateRunmodes(TestBase.java:62)
	at com.qtpselenium.framework.datadriven.stocksuite.Trends.trends(Trends.java:19)
... Removed 25 stack frames</div></td></tr></table><p class="totop"><a href="#summary">back to summary</a></p></body></html>